{"/home/travis/build/npmtest/node-npmtest-electron-angular-boilerplate/test.js":{"path":"/home/travis/build/npmtest/node-npmtest-electron-angular-boilerplate/test.js","s":{"1":2,"2":2,"3":2,"4":2,"5":2,"6":2,"7":2,"8":1,"9":2,"10":2,"11":1,"12":1,"13":1,"14":1,"15":2,"16":2,"17":2,"18":2,"19":1,"20":1,"21":2,"22":2,"23":2,"24":1,"25":1,"26":1,"27":1,"28":1,"29":1,"30":1,"31":1,"32":1,"33":1,"34":1,"35":1,"36":1,"37":1,"38":1,"39":2,"40":2,"41":1,"42":2,"43":2,"44":1,"45":2,"46":2,"47":1,"48":2,"49":2,"50":1,"51":1,"52":1,"53":1,"54":1},"b":{"1":[2,1,1,1],"2":[1,1,1,1],"3":[1,1],"4":[1,1],"5":[1,1],"6":[1,1],"7":[1,1],"8":[1,1],"9":[1,1],"10":[1,1,1],"11":[1,1],"12":[1,1],"13":[1,1],"14":[1,1],"15":[1,1],"16":[1,1],"17":[1,1]},"f":{"1":2,"2":2,"3":2,"4":2,"5":2,"6":1,"7":1,"8":1,"9":2,"10":2,"11":2,"12":2,"13":1},"fnMap":{"1":{"name":"(anonymous_1)","line":12,"loc":{"start":{"line":12,"column":1},"end":{"line":12,"column":13}}},"2":{"name":"(anonymous_2)","line":19,"loc":{"start":{"line":19,"column":5},"end":{"line":19,"column":17}}},"3":{"name":"(anonymous_3)","line":23,"loc":{"start":{"line":23,"column":24},"end":{"line":23,"column":36}}},"4":{"name":"(anonymous_4)","line":61,"loc":{"start":{"line":61,"column":5},"end":{"line":61,"column":17}}},"5":{"name":"(anonymous_5)","line":82,"loc":{"start":{"line":82,"column":5},"end":{"line":82,"column":17}}},"6":{"name":"(anonymous_6)","line":91,"loc":{"start":{"line":91,"column":77},"end":{"line":94,"column":10}}},"7":{"name":"(anonymous_7)","line":112,"loc":{"start":{"line":112,"column":83},"end":{"line":115,"column":10}},"skip":true},"8":{"name":"(anonymous_8)","line":123,"loc":{"start":{"line":123,"column":77},"end":{"line":126,"column":10}},"skip":true},"9":{"name":"(anonymous_9)","line":139,"loc":{"start":{"line":139,"column":12},"end":{"line":139,"column":40}},"skip":true},"10":{"name":"(anonymous_10)","line":147,"loc":{"start":{"line":147,"column":77},"end":{"line":150,"column":10}},"skip":true},"11":{"name":"(anonymous_11)","line":158,"loc":{"start":{"line":158,"column":83},"end":{"line":161,"column":10}},"skip":true},"12":{"name":"(anonymous_12)","line":169,"loc":{"start":{"line":169,"column":79},"end":{"line":172,"column":10}},"skip":true},"13":{"name":"(anonymous_13)","line":180,"loc":{"start":{"line":180,"column":75},"end":{"line":183,"column":10}},"skip":true}},"statementMap":{"1":{"start":{"line":12,"column":0},"end":{"line":195,"column":5}},"2":{"start":{"line":14,"column":4},"end":{"line":14,"column":14}},"3":{"start":{"line":19,"column":4},"end":{"line":56,"column":9}},"4":{"start":{"line":21,"column":8},"end":{"line":21,"column":19}},"5":{"start":{"line":23,"column":8},"end":{"line":35,"column":13}},"6":{"start":{"line":24,"column":12},"end":{"line":34,"column":13}},"7":{"start":{"line":25,"column":16},"end":{"line":28,"column":30}},"8":{"start":{"line":30,"column":16},"end":{"line":33,"column":27}},"9":{"start":{"line":37,"column":8},"end":{"line":39,"column":21}},"10":{"start":{"line":40,"column":8},"end":{"line":53,"column":9}},"11":{"start":{"line":43,"column":12},"end":{"line":46,"column":14}},"12":{"start":{"line":47,"column":12},"end":{"line":47,"column":18}},"13":{"start":{"line":50,"column":12},"end":{"line":51,"column":46}},"14":{"start":{"line":52,"column":12},"end":{"line":52,"column":18}},"15":{"start":{"line":55,"column":8},"end":{"line":55,"column":35}},"16":{"start":{"line":61,"column":4},"end":{"line":63,"column":9}},"17":{"start":{"line":62,"column":8},"end":{"line":62,"column":15}},"18":{"start":{"line":64,"column":4},"end":{"line":77,"column":5}},"19":{"start":{"line":70,"column":8},"end":{"line":70,"column":14}},"20":{"start":{"line":76,"column":8},"end":{"line":76,"column":14}},"21":{"start":{"line":82,"column":4},"end":{"line":84,"column":9}},"22":{"start":{"line":83,"column":8},"end":{"line":83,"column":15}},"23":{"start":{"line":85,"column":4},"end":{"line":194,"column":5}},"24":{"start":{"line":91,"column":8},"end":{"line":99,"column":10}},"25":{"start":{"line":98,"column":12},"end":{"line":98,"column":35}},"26":{"start":{"line":102,"column":8},"end":{"line":104,"column":63}},"27":{"start":{"line":105,"column":8},"end":{"line":105,"column":14}},"28":{"start":{"line":112,"column":8},"end":{"line":121,"column":10},"skip":true},"29":{"start":{"line":119,"column":12},"end":{"line":119,"column":55},"skip":true},"30":{"start":{"line":120,"column":12},"end":{"line":120,"column":48},"skip":true},"31":{"start":{"line":123,"column":8},"end":{"line":136,"column":10},"skip":true},"32":{"start":{"line":130,"column":12},"end":{"line":130,"column":76},"skip":true},"33":{"start":{"line":131,"column":12},"end":{"line":131,"column":73},"skip":true},"34":{"start":{"line":132,"column":12},"end":{"line":132,"column":74},"skip":true},"35":{"start":{"line":133,"column":12},"end":{"line":133,"column":79},"skip":true},"36":{"start":{"line":134,"column":12},"end":{"line":134,"column":25},"skip":true},"37":{"start":{"line":135,"column":12},"end":{"line":135,"column":45},"skip":true},"38":{"start":{"line":138,"column":8},"end":{"line":145,"column":14},"skip":true},"39":{"start":{"line":143,"column":16},"end":{"line":143,"column":29},"skip":true},"40":{"start":{"line":144,"column":16},"end":{"line":144,"column":55},"skip":true},"41":{"start":{"line":147,"column":8},"end":{"line":156,"column":10},"skip":true},"42":{"start":{"line":154,"column":12},"end":{"line":154,"column":25},"skip":true},"43":{"start":{"line":155,"column":12},"end":{"line":155,"column":45},"skip":true},"44":{"start":{"line":158,"column":8},"end":{"line":167,"column":10},"skip":true},"45":{"start":{"line":165,"column":12},"end":{"line":165,"column":25},"skip":true},"46":{"start":{"line":166,"column":12},"end":{"line":166,"column":48},"skip":true},"47":{"start":{"line":169,"column":8},"end":{"line":178,"column":10},"skip":true},"48":{"start":{"line":176,"column":12},"end":{"line":176,"column":25},"skip":true},"49":{"start":{"line":177,"column":12},"end":{"line":177,"column":46},"skip":true},"50":{"start":{"line":180,"column":8},"end":{"line":189,"column":10},"skip":true},"51":{"start":{"line":187,"column":12},"end":{"line":187,"column":94},"skip":true},"52":{"start":{"line":188,"column":12},"end":{"line":188,"column":48},"skip":true},"53":{"start":{"line":192,"column":8},"end":{"line":192,"column":35},"skip":true},"54":{"start":{"line":193,"column":8},"end":{"line":193,"column":14},"skip":true}},"branchMap":{"1":{"line":25,"type":"binary-expr","locations":[{"start":{"line":25,"column":23},"end":{"line":25,"column":62}},{"start":{"line":26,"column":20},"end":{"line":26,"column":70}},{"start":{"line":27,"column":20},"end":{"line":27,"column":71}},{"start":{"line":28,"column":20},"end":{"line":28,"column":29}}]},"2":{"line":30,"type":"binary-expr","locations":[{"start":{"line":30,"column":23},"end":{"line":30,"column":37}},{"start":{"line":31,"column":20},"end":{"line":31,"column":61}},{"start":{"line":32,"column":20},"end":{"line":32,"column":70}},{"start":{"line":33,"column":20},"end":{"line":33,"column":26}}]},"3":{"line":37,"type":"cond-expr","locations":[{"start":{"line":38,"column":14},"end":{"line":38,"column":20}},{"start":{"line":39,"column":14},"end":{"line":39,"column":20}}]},"4":{"line":40,"type":"switch","locations":[{"start":{"line":42,"column":8},"end":{"line":47,"column":18}},{"start":{"line":49,"column":8},"end":{"line":52,"column":18}}]},"5":{"line":44,"type":"binary-expr","locations":[{"start":{"line":44,"column":16},"end":{"line":44,"column":44}},{"start":{"line":44,"column":48},"end":{"line":44,"column":66}}]},"6":{"line":50,"type":"binary-expr","locations":[{"start":{"line":50,"column":21},"end":{"line":50,"column":49}},{"start":{"line":50,"column":53},"end":{"line":50,"column":72}}]},"7":{"line":64,"type":"switch","locations":[{"start":{"line":69,"column":4},"end":{"line":70,"column":14}},{"start":{"line":75,"column":4},"end":{"line":76,"column":14}}]},"8":{"line":85,"type":"switch","locations":[{"start":{"line":90,"column":4},"end":{"line":105,"column":14}},{"start":{"line":111,"column":4},"end":{"line":193,"column":14},"skip":true}]},"9":{"line":91,"type":"binary-expr","locations":[{"start":{"line":91,"column":42},"end":{"line":91,"column":73}},{"start":{"line":91,"column":77},"end":{"line":99,"column":9}}]},"10":{"line":102,"type":"binary-expr","locations":[{"start":{"line":102,"column":18},"end":{"line":102,"column":32}},{"start":{"line":103,"column":12},"end":{"line":103,"column":53}},{"start":{"line":104,"column":12},"end":{"line":104,"column":61}}]},"11":{"line":112,"type":"binary-expr","locations":[{"start":{"line":112,"column":45},"end":{"line":112,"column":79},"skip":true},{"start":{"line":112,"column":83},"end":{"line":121,"column":9},"skip":true}]},"12":{"line":123,"type":"binary-expr","locations":[{"start":{"line":123,"column":42},"end":{"line":123,"column":73},"skip":true},{"start":{"line":123,"column":77},"end":{"line":136,"column":9},"skip":true}]},"13":{"line":138,"type":"binary-expr","locations":[{"start":{"line":138,"column":48},"end":{"line":138,"column":85},"skip":true},{"start":{"line":139,"column":12},"end":{"line":145,"column":13},"skip":true}]},"14":{"line":147,"type":"binary-expr","locations":[{"start":{"line":147,"column":42},"end":{"line":147,"column":73},"skip":true},{"start":{"line":147,"column":77},"end":{"line":156,"column":9},"skip":true}]},"15":{"line":158,"type":"binary-expr","locations":[{"start":{"line":158,"column":45},"end":{"line":158,"column":79},"skip":true},{"start":{"line":158,"column":83},"end":{"line":167,"column":9},"skip":true}]},"16":{"line":169,"type":"binary-expr","locations":[{"start":{"line":169,"column":43},"end":{"line":169,"column":75},"skip":true},{"start":{"line":169,"column":79},"end":{"line":178,"column":9},"skip":true}]},"17":{"line":180,"type":"binary-expr","locations":[{"start":{"line":180,"column":41},"end":{"line":180,"column":71},"skip":true},{"start":{"line":180,"column":75},"end":{"line":189,"column":9},"skip":true}]}},"code":["/* istanbul instrument in package npmtest_electron_angular_boilerplate */","/*jslint","    bitwise: true,","    browser: true,","    maxerr: 8,","    maxlen: 96,","    node: true,","    nomen: true,","    regexp: true,","    stupid: true","*/","(function () {","    'use strict';","    var local;","","","","    // run shared js-env code - pre-init","    (function () {","        // init local","        local = {};","        // init modeJs","        local.modeJs = (function () {","            try {","                return typeof navigator.userAgent === 'string' &&","                    typeof document.querySelector('body') === 'object' &&","                    typeof XMLHttpRequest.prototype.open === 'function' &&","                    'browser';","            } catch (errorCaughtBrowser) {","                return module.exports &&","                    typeof process.versions.node === 'string' &&","                    typeof require('http').createServer === 'function' &&","                    'node';","            }","        }());","        // init global","        local.global = local.modeJs === 'browser'","            ? window","            : global;","        switch (local.modeJs) {","        // re-init local from window.local","        case 'browser':","            local = local.global.utility2.objectSetDefault(","                local.global.utility2_rollup || local.global.local,","                local.global.utility2","            );","            break;","        // re-init local from example.js","        case 'node':","            local = (local.global.utility2_rollup || require('utility2'))","                .requireExampleJsFromReadme();","            break;","        }","        // export local","        local.global.local = local;","    }());","","","","    // run shared js-env code - function","    (function () {","        return;","    }());","    switch (local.modeJs) {","","","","    // run browser js-env code - function","    case 'browser':","        break;","","","","    // run node js-env code - function","    case 'node':","        break;","    }","","","","    // run shared js-env code - post-init","    (function () {","        return;","    }());","    switch (local.modeJs) {","","","","    // run browser js-env code - post-init","    case 'browser':","        local.testCase_browser_nullCase = local.testCase_browser_nullCase || function (","            options,","            onError","        ) {","        /*","         * this function will test browsers's null-case handling-behavior-behavior","         */","            onError(null, options);","        };","","        // run tests","        local.nop(local.modeTest &&","            document.querySelector('#testRunButton1') &&","            document.querySelector('#testRunButton1').click());","        break;","","","","    // run node js-env code - post-init","    /* istanbul ignore next */","    case 'node':","        local.testCase_buildApidoc_default = local.testCase_buildApidoc_default || function (","            options,","            onError","        ) {","        /*","         * this function will test buildApidoc's default handling-behavior-behavior","         */","            options = { modulePathList: module.paths };","            local.buildApidoc(options, onError);","        };","","        local.testCase_buildApp_default = local.testCase_buildApp_default || function (","            options,","            onError","        ) {","        /*","         * this function will test buildApp's default handling-behavior-behavior","         */","            local.testCase_buildReadme_default(options, local.onErrorThrow);","            local.testCase_buildLib_default(options, local.onErrorThrow);","            local.testCase_buildTest_default(options, local.onErrorThrow);","            local.testCase_buildCustomOrg_default(options, local.onErrorThrow);","            options = [];","            local.buildApp(options, onError);","        };","","        local.testCase_buildCustomOrg_default = local.testCase_buildCustomOrg_default ||","            function (options, onError) {","            /*","             * this function will test buildCustomOrg's default handling-behavior","             */","                options = {};","                local.buildCustomOrg(options, onError);","            };","","        local.testCase_buildLib_default = local.testCase_buildLib_default || function (","            options,","            onError","        ) {","        /*","         * this function will test buildLib's default handling-behavior","         */","            options = {};","            local.buildLib(options, onError);","        };","","        local.testCase_buildReadme_default = local.testCase_buildReadme_default || function (","            options,","            onError","        ) {","        /*","         * this function will test buildReadme's default handling-behavior-behavior","         */","            options = {};","            local.buildReadme(options, onError);","        };","","        local.testCase_buildTest_default = local.testCase_buildTest_default || function (","            options,","            onError","        ) {","        /*","         * this function will test buildTest's default handling-behavior","         */","            options = {};","            local.buildTest(options, onError);","        };","","        local.testCase_webpage_default = local.testCase_webpage_default || function (","            options,","            onError","        ) {","        /*","         * this function will test webpage's default handling-behavior","         */","            options = { modeCoverageMerge: true, url: local.serverLocalHost + '?modeTest=1' };","            local.browserTest(options, onError);","        };","","        // run test-server","        local.testRunServer(local);","        break;","    }","}());",""],"l":{"12":2,"14":2,"19":2,"21":2,"23":2,"24":2,"25":2,"30":1,"37":2,"40":2,"43":1,"47":1,"50":1,"52":1,"55":2,"61":2,"62":2,"64":2,"70":1,"76":1,"82":2,"83":2,"85":2,"91":1,"98":1,"102":1,"105":1,"112":1,"119":1,"120":1,"123":1,"130":1,"131":1,"132":1,"133":1,"134":1,"135":1,"138":1,"143":2,"144":2,"147":1,"154":2,"155":2,"158":1,"165":2,"166":2,"169":1,"176":2,"177":2,"180":1,"187":1,"188":1,"192":1,"193":1}},"/home/travis/build/npmtest/node-npmtest-electron-angular-boilerplate/lib.npmtest_electron_angular_boilerplate.js":{"path":"/home/travis/build/npmtest/node-npmtest-electron-angular-boilerplate/lib.npmtest_electron_angular_boilerplate.js","s":{"1":2,"2":2,"3":2,"4":2,"5":2,"6":2,"7":2,"8":1,"9":2,"10":2,"11":2,"12":2,"13":1,"14":1,"15":1,"16":1},"b":{"1":[2,1,1,1],"2":[1,1,1,1],"3":[1,1],"4":[2,2],"5":[1,1]},"f":{"1":2,"2":2,"3":2},"fnMap":{"1":{"name":"(anonymous_1)","line":12,"loc":{"start":{"line":12,"column":1},"end":{"line":12,"column":13}}},"2":{"name":"(anonymous_2)","line":19,"loc":{"start":{"line":19,"column":5},"end":{"line":19,"column":17}}},"3":{"name":"(anonymous_3)","line":23,"loc":{"start":{"line":23,"column":24},"end":{"line":23,"column":36}}}},"statementMap":{"1":{"start":{"line":12,"column":0},"end":{"line":53,"column":5}},"2":{"start":{"line":14,"column":4},"end":{"line":14,"column":14}},"3":{"start":{"line":19,"column":4},"end":{"line":52,"column":9}},"4":{"start":{"line":21,"column":8},"end":{"line":21,"column":19}},"5":{"start":{"line":23,"column":8},"end":{"line":35,"column":13}},"6":{"start":{"line":24,"column":12},"end":{"line":34,"column":13}},"7":{"start":{"line":25,"column":16},"end":{"line":28,"column":30}},"8":{"start":{"line":30,"column":16},"end":{"line":33,"column":27}},"9":{"start":{"line":37,"column":8},"end":{"line":39,"column":21}},"10":{"start":{"line":41,"column":8},"end":{"line":41,"column":54}},"11":{"start":{"line":43,"column":8},"end":{"line":43,"column":73}},"12":{"start":{"line":45,"column":8},"end":{"line":51,"column":9}},"13":{"start":{"line":46,"column":12},"end":{"line":46,"column":79}},"14":{"start":{"line":48,"column":12},"end":{"line":48,"column":35}},"15":{"start":{"line":49,"column":12},"end":{"line":49,"column":49}},"16":{"start":{"line":50,"column":12},"end":{"line":50,"column":43}}},"branchMap":{"1":{"line":25,"type":"binary-expr","locations":[{"start":{"line":25,"column":23},"end":{"line":25,"column":62}},{"start":{"line":26,"column":20},"end":{"line":26,"column":70}},{"start":{"line":27,"column":20},"end":{"line":27,"column":71}},{"start":{"line":28,"column":20},"end":{"line":28,"column":29}}]},"2":{"line":30,"type":"binary-expr","locations":[{"start":{"line":30,"column":23},"end":{"line":30,"column":37}},{"start":{"line":31,"column":20},"end":{"line":31,"column":61}},{"start":{"line":32,"column":20},"end":{"line":32,"column":70}},{"start":{"line":33,"column":20},"end":{"line":33,"column":26}}]},"3":{"line":37,"type":"cond-expr","locations":[{"start":{"line":38,"column":14},"end":{"line":38,"column":20}},{"start":{"line":39,"column":14},"end":{"line":39,"column":20}}]},"4":{"line":41,"type":"binary-expr","locations":[{"start":{"line":41,"column":16},"end":{"line":41,"column":44}},{"start":{"line":41,"column":48},"end":{"line":41,"column":53}}]},"5":{"line":45,"type":"if","locations":[{"start":{"line":45,"column":8},"end":{"line":45,"column":8}},{"start":{"line":45,"column":8},"end":{"line":45,"column":8}}]}},"code":["/* istanbul instrument in package npmtest_electron_angular_boilerplate */","/*jslint","    bitwise: true,","    browser: true,","    maxerr: 8,","    maxlen: 96,","    node: true,","    nomen: true,","    regexp: true,","    stupid: true","*/","(function () {","    'use strict';","    var local;","","","","    // run shared js-env code - pre-init","    (function () {","        // init local","        local = {};","        // init modeJs","        local.modeJs = (function () {","            try {","                return typeof navigator.userAgent === 'string' &&","                    typeof document.querySelector('body') === 'object' &&","                    typeof XMLHttpRequest.prototype.open === 'function' &&","                    'browser';","            } catch (errorCaughtBrowser) {","                return module.exports &&","                    typeof process.versions.node === 'string' &&","                    typeof require('http').createServer === 'function' &&","                    'node';","            }","        }());","        // init global","        local.global = local.modeJs === 'browser'","            ? window","            : global;","        // init utility2_rollup","        local = local.global.utility2_rollup || local;","        // init lib","        local.local = local.npmtest_electron_angular_boilerplate = local;","        // init exports","        if (local.modeJs === 'browser') {","            local.global.utility2_npmtest_electron_angular_boilerplate = local;","        } else {","            module.exports = local;","            module.exports.__dirname = __dirname;","            module.exports.module = module;","        }","    }());","}());",""],"l":{"12":2,"14":2,"19":2,"21":2,"23":2,"24":2,"25":2,"30":1,"37":2,"41":2,"43":2,"45":2,"46":1,"48":1,"49":1,"50":1}},"/home/travis/build/npmtest/node-npmtest-electron-angular-boilerplate/example.js":{"path":"/home/travis/build/npmtest/node-npmtest-electron-angular-boilerplate/example.js","s":{"1":2,"2":2,"3":2,"4":2,"5":2,"6":2,"7":2,"8":1,"9":2,"10":2,"11":2,"12":2,"13":1,"14":2,"15":2,"16":2,"17":2,"18":2,"19":0,"20":2,"21":1,"22":1,"23":1,"24":1,"25":1,"26":0,"27":0,"28":1,"29":1,"30":2,"31":0,"32":0,"33":0,"34":1,"35":2,"36":2,"37":3,"38":3,"39":3,"40":3,"41":0,"42":3,"43":3,"44":3,"45":1,"46":3,"47":1,"48":1,"49":1,"50":1,"51":1,"52":1,"53":1,"54":1,"55":1,"56":1,"57":0,"58":1,"59":6,"60":6,"61":1,"62":2,"63":0,"64":2,"65":1,"66":1,"67":0,"68":0,"69":0,"70":0,"71":0,"72":0,"73":0,"74":0,"75":0,"76":0,"77":0,"78":0,"79":0,"80":0,"81":0,"82":0,"83":0},"b":{"1":[2,1,1,1],"2":[1,1,1,1],"3":[1,1],"4":[2,2],"5":[1,1],"6":[1,1],"7":[2,0],"8":[2,1,1,1,1,1],"9":[0,2,0],"10":[1,1],"11":[2,1,1],"12":[1,0],"13":[0,2],"14":[2,0,0,0,0,0,0],"15":[0,3],"16":[3,0],"17":[1,1],"18":[0,1],"19":[1,2,0,2],"20":[1,0],"21":[1,1],"22":[0,0],"23":[0,0],"24":[0,0],"25":[0,0],"26":[0,0],"27":[0,0],"28":[0,0]},"f":{"1":2,"2":2,"3":2,"4":2,"5":2,"6":2,"7":3,"8":3,"9":3,"10":1,"11":6,"12":0},"fnMap":{"1":{"name":"(anonymous_1)","line":26,"loc":{"start":{"line":26,"column":1},"end":{"line":26,"column":13}}},"2":{"name":"(anonymous_2)","line":33,"loc":{"start":{"line":33,"column":5},"end":{"line":33,"column":17}}},"3":{"name":"(anonymous_3)","line":37,"loc":{"start":{"line":37,"column":24},"end":{"line":37,"column":36}}},"4":{"name":"(anonymous_4)","line":69,"loc":{"start":{"line":69,"column":31},"end":{"line":69,"column":48}},"skip":true},"5":{"name":"(anonymous_5)","line":78,"loc":{"start":{"line":78,"column":26},"end":{"line":78,"column":45}},"skip":true},"6":{"name":"(anonymous_6)","line":123,"loc":{"start":{"line":123,"column":33},"end":{"line":123,"column":48}},"skip":true},"7":{"name":"(anonymous_7)","line":125,"loc":{"start":{"line":125,"column":27},"end":{"line":125,"column":39}},"skip":true},"8":{"name":"(anonymous_8)","line":133,"loc":{"start":{"line":133,"column":59},"end":{"line":133,"column":74}},"skip":true},"9":{"name":"(anonymous_9)","line":143,"loc":{"start":{"line":143,"column":45},"end":{"line":143,"column":62}},"skip":true},"10":{"name":"(anonymous_10)","line":144,"loc":{"start":{"line":144,"column":73},"end":{"line":144,"column":92}},"skip":true},"11":{"name":"(anonymous_11)","line":272,"loc":{"start":{"line":272,"column":51},"end":{"line":272,"column":77}},"skip":true},"12":{"name":"(anonymous_12)","line":315,"loc":{"start":{"line":315,"column":32},"end":{"line":315,"column":61}},"skip":true}},"statementMap":{"1":{"start":{"line":26,"column":0},"end":{"line":326,"column":5}},"2":{"start":{"line":28,"column":4},"end":{"line":28,"column":14}},"3":{"start":{"line":33,"column":4},"end":{"line":60,"column":9}},"4":{"start":{"line":35,"column":8},"end":{"line":35,"column":19}},"5":{"start":{"line":37,"column":8},"end":{"line":49,"column":13}},"6":{"start":{"line":38,"column":12},"end":{"line":48,"column":13}},"7":{"start":{"line":39,"column":16},"end":{"line":42,"column":30}},"8":{"start":{"line":44,"column":16},"end":{"line":47,"column":27}},"9":{"start":{"line":51,"column":8},"end":{"line":53,"column":21}},"10":{"start":{"line":55,"column":8},"end":{"line":57,"column":45}},"11":{"start":{"line":59,"column":8},"end":{"line":59,"column":35}},"12":{"start":{"line":61,"column":4},"end":{"line":325,"column":5}},"13":{"start":{"line":69,"column":8},"end":{"line":121,"column":10},"skip":true},"14":{"start":{"line":70,"column":12},"end":{"line":88,"column":13},"skip":true},"15":{"start":{"line":76,"column":16},"end":{"line":87,"column":19},"skip":true},"16":{"start":{"line":79,"column":20},"end":{"line":86,"column":21},"skip":true},"17":{"start":{"line":82,"column":24},"end":{"line":82,"column":43},"skip":true},"18":{"start":{"line":83,"column":24},"end":{"line":83,"column":30},"skip":true},"19":{"start":{"line":85,"column":24},"end":{"line":85,"column":49},"skip":true},"20":{"start":{"line":89,"column":12},"end":{"line":107,"column":13},"skip":true},"21":{"start":{"line":92,"column":16},"end":{"line":102,"column":17},"skip":true},"22":{"start":{"line":93,"column":20},"end":{"line":93,"column":86},"skip":true},"23":{"start":{"line":94,"column":20},"end":{"line":95,"column":45},"skip":true},"24":{"start":{"line":96,"column":20},"end":{"line":96,"column":42},"skip":true},"25":{"start":{"line":97,"column":20},"end":{"line":97,"column":48},"skip":true},"26":{"start":{"line":100,"column":20},"end":{"line":100,"column":85},"skip":true},"27":{"start":{"line":101,"column":20},"end":{"line":101,"column":96},"skip":true},"28":{"start":{"line":103,"column":16},"end":{"line":103,"column":22},"skip":true},"29":{"start":{"line":106,"column":16},"end":{"line":106,"column":22},"skip":true},"30":{"start":{"line":108,"column":12},"end":{"line":120,"column":13},"skip":true},"31":{"start":{"line":114,"column":16},"end":{"line":119,"column":17},"skip":true},"32":{"start":{"line":116,"column":20},"end":{"line":116,"column":78},"skip":true},"33":{"start":{"line":118,"column":20},"end":{"line":118,"column":47},"skip":true},"34":{"start":{"line":123,"column":8},"end":{"line":141,"column":11},"skip":true},"35":{"start":{"line":124,"column":12},"end":{"line":124,"column":54},"skip":true},"36":{"start":{"line":125,"column":12},"end":{"line":140,"column":14},"skip":true},"37":{"start":{"line":126,"column":16},"end":{"line":126,"column":28},"skip":true},"38":{"start":{"line":127,"column":16},"end":{"line":127,"column":69},"skip":true},"39":{"start":{"line":128,"column":16},"end":{"line":128,"column":75},"skip":true},"40":{"start":{"line":129,"column":16},"end":{"line":131,"column":17},"skip":true},"41":{"start":{"line":130,"column":20},"end":{"line":130,"column":27},"skip":true},"42":{"start":{"line":133,"column":16},"end":{"line":137,"column":36},"skip":true},"43":{"start":{"line":134,"column":20},"end":{"line":136,"column":55},"skip":true},"44":{"start":{"line":139,"column":16},"end":{"line":139,"column":57},"skip":true},"45":{"start":{"line":143,"column":8},"end":{"line":147,"column":11},"skip":true},"46":{"start":{"line":144,"column":12},"end":{"line":146,"column":15},"skip":true},"47":{"start":{"line":145,"column":16},"end":{"line":145,"column":70},"skip":true},"48":{"start":{"line":149,"column":8},"end":{"line":149,"column":31},"skip":true},"49":{"start":{"line":150,"column":8},"end":{"line":150,"column":14},"skip":true},"50":{"start":{"line":158,"column":8},"end":{"line":158,"column":31},"skip":true},"51":{"start":{"line":160,"column":8},"end":{"line":160,"column":33},"skip":true},"52":{"start":{"line":161,"column":8},"end":{"line":161,"column":37},"skip":true},"53":{"start":{"line":162,"column":8},"end":{"line":162,"column":35},"skip":true},"54":{"start":{"line":164,"column":8},"end":{"line":164,"column":50},"skip":true},"55":{"start":{"line":166,"column":8},"end":{"line":256,"column":2},"skip":true},"56":{"start":{"line":258,"column":8},"end":{"line":286,"column":9},"skip":true},"57":{"start":{"line":259,"column":12},"end":{"line":269,"column":14},"skip":true},"58":{"start":{"line":271,"column":12},"end":{"line":285,"column":19},"skip":true},"59":{"start":{"line":274,"column":20},"end":{"line":274,"column":35},"skip":true},"60":{"start":{"line":275,"column":20},"end":{"line":284,"column":21},"skip":true},"61":{"start":{"line":277,"column":24},"end":{"line":277,"column":64},"skip":true},"62":{"start":{"line":279,"column":24},"end":{"line":279,"column":40},"skip":true},"63":{"start":{"line":281,"column":24},"end":{"line":281,"column":40},"skip":true},"64":{"start":{"line":283,"column":24},"end":{"line":283,"column":39},"skip":true},"65":{"start":{"line":288,"column":8},"end":{"line":290,"column":9},"skip":true},"66":{"start":{"line":289,"column":12},"end":{"line":289,"column":18},"skip":true},"67":{"start":{"line":291,"column":8},"end":{"line":293,"column":54},"skip":true},"68":{"start":{"line":296,"column":8},"end":{"line":301,"column":37},"skip":true},"69":{"start":{"line":303,"column":8},"end":{"line":303,"column":82},"skip":true},"70":{"start":{"line":306,"column":8},"end":{"line":308,"column":9},"skip":true},"71":{"start":{"line":307,"column":12},"end":{"line":307,"column":82},"skip":true},"72":{"start":{"line":310,"column":8},"end":{"line":312,"column":9},"skip":true},"73":{"start":{"line":311,"column":12},"end":{"line":311,"column":18},"skip":true},"74":{"start":{"line":313,"column":8},"end":{"line":313,"column":54},"skip":true},"75":{"start":{"line":314,"column":8},"end":{"line":314,"column":69},"skip":true},"76":{"start":{"line":315,"column":8},"end":{"line":323,"column":36},"skip":true},"77":{"start":{"line":316,"column":12},"end":{"line":316,"column":61},"skip":true},"78":{"start":{"line":317,"column":12},"end":{"line":320,"column":13},"skip":true},"79":{"start":{"line":318,"column":16},"end":{"line":318,"column":75},"skip":true},"80":{"start":{"line":319,"column":16},"end":{"line":319,"column":23},"skip":true},"81":{"start":{"line":321,"column":12},"end":{"line":321,"column":38},"skip":true},"82":{"start":{"line":322,"column":12},"end":{"line":322,"column":27},"skip":true},"83":{"start":{"line":324,"column":8},"end":{"line":324,"column":14},"skip":true}},"branchMap":{"1":{"line":39,"type":"binary-expr","locations":[{"start":{"line":39,"column":23},"end":{"line":39,"column":62}},{"start":{"line":40,"column":20},"end":{"line":40,"column":70}},{"start":{"line":41,"column":20},"end":{"line":41,"column":71}},{"start":{"line":42,"column":20},"end":{"line":42,"column":29}}]},"2":{"line":44,"type":"binary-expr","locations":[{"start":{"line":44,"column":23},"end":{"line":44,"column":37}},{"start":{"line":45,"column":20},"end":{"line":45,"column":61}},{"start":{"line":46,"column":20},"end":{"line":46,"column":70}},{"start":{"line":47,"column":20},"end":{"line":47,"column":26}}]},"3":{"line":51,"type":"cond-expr","locations":[{"start":{"line":52,"column":14},"end":{"line":52,"column":20}},{"start":{"line":53,"column":14},"end":{"line":53,"column":20}}]},"4":{"line":55,"type":"binary-expr","locations":[{"start":{"line":55,"column":16},"end":{"line":55,"column":44}},{"start":{"line":55,"column":49},"end":{"line":57,"column":43}}]},"5":{"line":55,"type":"cond-expr","locations":[{"start":{"line":56,"column":14},"end":{"line":56,"column":72}},{"start":{"line":57,"column":14},"end":{"line":57,"column":43}}]},"6":{"line":61,"type":"switch","locations":[{"start":{"line":68,"column":4},"end":{"line":150,"column":14},"skip":true},{"start":{"line":156,"column":4},"end":{"line":324,"column":14},"skip":true}]},"7":{"line":70,"type":"if","locations":[{"start":{"line":70,"column":12},"end":{"line":70,"column":12},"skip":true},{"start":{"line":70,"column":12},"end":{"line":70,"column":12},"skip":true}]},"8":{"line":70,"type":"binary-expr","locations":[{"start":{"line":70,"column":16},"end":{"line":70,"column":22},"skip":true},{"start":{"line":70,"column":27},"end":{"line":70,"column":32},"skip":true},{"start":{"line":71,"column":20},"end":{"line":71,"column":39},"skip":true},{"start":{"line":72,"column":20},"end":{"line":72,"column":49},"skip":true},{"start":{"line":73,"column":20},"end":{"line":73,"column":58},"skip":true},{"start":{"line":74,"column":20},"end":{"line":74,"column":69},"skip":true}]},"9":{"line":79,"type":"switch","locations":[{"start":{"line":80,"column":20},"end":{"line":80,"column":33},"skip":true},{"start":{"line":81,"column":20},"end":{"line":83,"column":30},"skip":true},{"start":{"line":84,"column":20},"end":{"line":85,"column":49},"skip":true}]},"10":{"line":89,"type":"switch","locations":[{"start":{"line":90,"column":12},"end":{"line":103,"column":22},"skip":true},{"start":{"line":105,"column":12},"end":{"line":106,"column":22},"skip":true}]},"11":{"line":89,"type":"binary-expr","locations":[{"start":{"line":89,"column":20},"end":{"line":89,"column":25},"skip":true},{"start":{"line":89,"column":29},"end":{"line":89,"column":48},"skip":true},{"start":{"line":89,"column":52},"end":{"line":89,"column":74},"skip":true}]},"12":{"line":92,"type":"if","locations":[{"start":{"line":92,"column":16},"end":{"line":92,"column":16},"skip":true},{"start":{"line":92,"column":16},"end":{"line":92,"column":16},"skip":true}]},"13":{"line":108,"type":"if","locations":[{"start":{"line":108,"column":12},"end":{"line":108,"column":12},"skip":true},{"start":{"line":108,"column":12},"end":{"line":108,"column":12},"skip":true}]},"14":{"line":108,"type":"binary-expr","locations":[{"start":{"line":108,"column":16},"end":{"line":108,"column":61},"skip":true},{"start":{"line":108,"column":66},"end":{"line":108,"column":72},"skip":true},{"start":{"line":108,"column":77},"end":{"line":108,"column":82},"skip":true},{"start":{"line":109,"column":20},"end":{"line":109,"column":39},"skip":true},{"start":{"line":110,"column":20},"end":{"line":110,"column":49},"skip":true},{"start":{"line":111,"column":20},"end":{"line":111,"column":58},"skip":true},{"start":{"line":112,"column":20},"end":{"line":112,"column":68},"skip":true}]},"15":{"line":129,"type":"if","locations":[{"start":{"line":129,"column":16},"end":{"line":129,"column":16},"skip":true},{"start":{"line":129,"column":16},"end":{"line":129,"column":16},"skip":true}]},"16":{"line":134,"type":"cond-expr","locations":[{"start":{"line":135,"column":26},"end":{"line":135,"column":29},"skip":true},{"start":{"line":136,"column":26},"end":{"line":136,"column":54},"skip":true}]},"17":{"line":164,"type":"binary-expr","locations":[{"start":{"line":164,"column":27},"end":{"line":164,"column":43},"skip":true},{"start":{"line":164,"column":47},"end":{"line":164,"column":49},"skip":true}]},"18":{"line":258,"type":"if","locations":[{"start":{"line":258,"column":8},"end":{"line":258,"column":8},"skip":true},{"start":{"line":258,"column":8},"end":{"line":258,"column":8},"skip":true}]},"19":{"line":275,"type":"switch","locations":[{"start":{"line":276,"column":20},"end":{"line":277,"column":64},"skip":true},{"start":{"line":278,"column":20},"end":{"line":279,"column":40},"skip":true},{"start":{"line":280,"column":20},"end":{"line":281,"column":40},"skip":true},{"start":{"line":282,"column":20},"end":{"line":283,"column":39},"skip":true}]},"20":{"line":288,"type":"if","locations":[{"start":{"line":288,"column":8},"end":{"line":288,"column":8},"skip":true},{"start":{"line":288,"column":8},"end":{"line":288,"column":8},"skip":true}]},"21":{"line":288,"type":"binary-expr","locations":[{"start":{"line":288,"column":12},"end":{"line":288,"column":40},"skip":true},{"start":{"line":288,"column":44},"end":{"line":288,"column":67},"skip":true}]},"22":{"line":292,"type":"binary-expr","locations":[{"start":{"line":292,"column":12},"end":{"line":292,"column":50},"skip":true},{"start":{"line":293,"column":12},"end":{"line":293,"column":53},"skip":true}]},"23":{"line":297,"type":"binary-expr","locations":[{"start":{"line":297,"column":12},"end":{"line":297,"column":86},"skip":true},{"start":{"line":298,"column":12},"end":{"line":301,"column":36},"skip":true}]},"24":{"line":303,"type":"binary-expr","locations":[{"start":{"line":303,"column":43},"end":{"line":303,"column":75},"skip":true},{"start":{"line":303,"column":79},"end":{"line":303,"column":81},"skip":true}]},"25":{"line":306,"type":"if","locations":[{"start":{"line":306,"column":8},"end":{"line":306,"column":8},"skip":true},{"start":{"line":306,"column":8},"end":{"line":306,"column":8},"skip":true}]},"26":{"line":310,"type":"if","locations":[{"start":{"line":310,"column":8},"end":{"line":310,"column":8},"skip":true},{"start":{"line":310,"column":8},"end":{"line":310,"column":8},"skip":true}]},"27":{"line":313,"type":"binary-expr","locations":[{"start":{"line":313,"column":27},"end":{"line":313,"column":43},"skip":true},{"start":{"line":313,"column":47},"end":{"line":313,"column":53},"skip":true}]},"28":{"line":317,"type":"if","locations":[{"start":{"line":317,"column":12},"end":{"line":317,"column":12},"skip":true},{"start":{"line":317,"column":12},"end":{"line":317,"column":12},"skip":true}]}},"code":["/*","example.js","","quickstart example","","instruction","    1. save this script as example.js","    2. run the shell command:","        $ npm install npmtest-electron-angular-boilerplate && PORT=8081 node example.js","    3. play with the browser-demo on http://127.0.0.1:8081","*/","","","","/* istanbul instrument in package npmtest_electron_angular_boilerplate */","/*jslint","    bitwise: true,","    browser: true,","    maxerr: 8,","    maxlen: 96,","    node: true,","    nomen: true,","    regexp: true,","    stupid: true","*/","(function () {","    'use strict';","    var local;","","","","    // run shared js-env code - pre-init","    (function () {","        // init local","        local = {};","        // init modeJs","        local.modeJs = (function () {","            try {","                return typeof navigator.userAgent === 'string' &&","                    typeof document.querySelector('body') === 'object' &&","                    typeof XMLHttpRequest.prototype.open === 'function' &&","                    'browser';","            } catch (errorCaughtBrowser) {","                return module.exports &&","                    typeof process.versions.node === 'string' &&","                    typeof require('http').createServer === 'function' &&","                    'node';","            }","        }());","        // init global","        local.global = local.modeJs === 'browser'","            ? window","            : global;","        // init utility2_rollup","        local = local.global.utility2_rollup || (local.modeJs === 'browser'","            ? local.global.utility2_npmtest_electron_angular_boilerplate","            : global.utility2_moduleExports);","        // export local","        local.global.local = local;","    }());","    switch (local.modeJs) {","","","","    // post-init","    // run browser js-env code - post-init","    /* istanbul ignore next */","    case 'browser':","        local.testRunBrowser = function (event) {","            if (!event || (event &&","                    event.currentTarget &&","                    event.currentTarget.className &&","                    event.currentTarget.className.includes &&","                    event.currentTarget.className.includes('onreset'))) {","                // reset output","                Array.from(","                    document.querySelectorAll('body > .resettable')","                ).forEach(function (element) {","                    switch (element.tagName) {","                    case 'INPUT':","                    case 'TEXTAREA':","                        element.value = '';","                        break;","                    default:","                        element.textContent = '';","                    }","                });","            }","            switch (event && event.currentTarget && event.currentTarget.id) {","            case 'testRunButton1':","                // show tests","                if (document.querySelector('#testReportDiv1').style.display === 'none') {","                    document.querySelector('#testReportDiv1').style.display = 'block';","                    document.querySelector('#testRunButton1').textContent =","                        'hide internal test';","                    local.modeTest = true;","                    local.testRunDefault(local);","                // hide tests","                } else {","                    document.querySelector('#testReportDiv1').style.display = 'none';","                    document.querySelector('#testRunButton1').textContent = 'run internal test';","                }","                break;","            // custom-case","            default:","                break;","            }","            if (document.querySelector('#inputTextareaEval1') && (!event || (event &&","                    event.currentTarget &&","                    event.currentTarget.className &&","                    event.currentTarget.className.includes &&","                    event.currentTarget.className.includes('oneval')))) {","                // try to eval input-code","                try {","                    /*jslint evil: true*/","                    eval(document.querySelector('#inputTextareaEval1').value);","                } catch (errorCaught) {","                    console.error(errorCaught);","                }","            }","        };","        // log stderr and stdout to #outputTextareaStdout1","        ['error', 'log'].forEach(function (key) {","            console[key + '_original'] = console[key];","            console[key] = function () {","                var element;","                console[key + '_original'].apply(console, arguments);","                element = document.querySelector('#outputTextareaStdout1');","                if (!element) {","                    return;","                }","                // append text to #outputTextareaStdout1","                element.value += Array.from(arguments).map(function (arg) {","                    return typeof arg === 'string'","                        ? arg","                        : JSON.stringify(arg, null, 4);","                }).join(' ') + '\\n';","                // scroll textarea to bottom","                element.scrollTop = element.scrollHeight;","            };","        });","        // init event-handling","        ['change', 'click', 'keyup'].forEach(function (event) {","            Array.from(document.querySelectorAll('.on' + event)).forEach(function (element) {","                element.addEventListener(event, local.testRunBrowser);","            });","        });","        // run tests","        local.testRunBrowser();","        break;","","","","    // run node js-env code - post-init","    /* istanbul ignore next */","    case 'node':","        // export local","        module.exports = local;","        // require modules","        local.fs = require('fs');","        local.http = require('http');","        local.url = require('url');","        // init assets","        local.assetsDict = local.assetsDict || {};","        /* jslint-ignore-begin */","        local.assetsDict['/assets.index.template.html'] = '\\","<!doctype html>\\n\\","<html lang=\"en\">\\n\\","<head>\\n\\","<meta charset=\"UTF-8\">\\n\\","<meta name=\"viewport\" content=\"width=device-width, initial-scale=1\">\\n\\","<title>{{env.npm_package_name}} (v{{env.npm_package_version}})</title>\\n\\","<style>\\n\\","/*csslint\\n\\","    box-sizing: false,\\n\\","    universal-selector: false\\n\\","*/\\n\\","* {\\n\\","    box-sizing: border-box;\\n\\","}\\n\\","body {\\n\\","    background: #dde;\\n\\","    font-family: Arial, Helvetica, sans-serif;\\n\\","    margin: 2rem;\\n\\","}\\n\\","body > * {\\n\\","    margin-bottom: 1rem;\\n\\","}\\n\\",".utility2FooterDiv {\\n\\","    margin-top: 20px;\\n\\","    text-align: center;\\n\\","}\\n\\","</style>\\n\\","<style>\\n\\","/*csslint\\n\\","*/\\n\\","textarea {\\n\\","    font-family: monospace;\\n\\","    height: 10rem;\\n\\","    width: 100%;\\n\\","}\\n\\","textarea[readonly] {\\n\\","    background: #ddd;\\n\\","}\\n\\","</style>\\n\\","</head>\\n\\","<body>\\n\\","<!-- utility2-comment\\n\\","<div id=\"ajaxProgressDiv1\" style=\"background: #d00; height: 2px; left: 0; margin: 0; padding: 0; position: fixed; top: 0; transition: background 0.5s, width 1.5s; width: 25%;\"></div>\\n\\","utility2-comment -->\\n\\","<h1>\\n\\","<!-- utility2-comment\\n\\","    <a\\n\\","        {{#if env.npm_package_homepage}}\\n\\","        href=\"{{env.npm_package_homepage}}\"\\n\\","        {{/if env.npm_package_homepage}}\\n\\","        target=\"_blank\"\\n\\","    >\\n\\","utility2-comment -->\\n\\","        {{env.npm_package_name}} (v{{env.npm_package_version}})\\n\\","<!-- utility2-comment\\n\\","    </a>\\n\\","utility2-comment -->\\n\\","</h1>\\n\\","<h3>{{env.npm_package_description}}</h3>\\n\\","<!-- utility2-comment\\n\\","<h4><a download href=\"assets.app.js\">download standalone app</a></h4>\\n\\","<button class=\"onclick onreset\" id=\"testRunButton1\">run internal test</button><br>\\n\\","<div id=\"testReportDiv1\" style=\"display: none;\"></div>\\n\\","utility2-comment -->\\n\\","\\n\\","\\n\\","\\n\\","<label>stderr and stdout</label>\\n\\","<textarea class=\"resettable\" id=\"outputTextareaStdout1\" readonly></textarea>\\n\\","<!-- utility2-comment\\n\\","{{#if isRollup}}\\n\\","<script src=\"assets.app.js\"></script>\\n\\","{{#unless isRollup}}\\n\\","utility2-comment -->\\n\\","<script src=\"assets.utility2.rollup.js\"></script>\\n\\","<script src=\"jsonp.utility2._stateInit?callback=window.utility2._stateInit\"></script>\\n\\","<script src=\"assets.npmtest_electron_angular_boilerplate.rollup.js\"></script>\\n\\","<script src=\"assets.example.js\"></script>\\n\\","<script src=\"assets.test.js\"></script>\\n\\","<!-- utility2-comment\\n\\","{{/if isRollup}}\\n\\","utility2-comment -->\\n\\","<div class=\"utility2FooterDiv\">\\n\\","    [ this app was created with\\n\\","    <a href=\"https://github.com/kaizhu256/node-utility2\" target=\"_blank\">utility2</a>\\n\\","    ]\\n\\","</div>\\n\\","</body>\\n\\","</html>\\n\\","';","        /* jslint-ignore-end */","        if (local.templateRender) {","            local.assetsDict['/'] = local.templateRender(","                local.assetsDict['/assets.index.template.html'],","                {","                    env: local.objectSetDefault(local.env, {","                        npm_package_description: 'the greatest app in the world!',","                        npm_package_name: 'my-app',","                        npm_package_nameAlias: 'my_app',","                        npm_package_version: '0.0.1'","                    })","                }","            );","        } else {","            local.assetsDict['/'] = local.assetsDict['/assets.index.template.html']","                .replace((/\\{\\{env\\.(\\w+?)\\}\\}/g), function (match0, match1) {","                    // jslint-hack","                    String(match0);","                    switch (match1) {","                    case 'npm_package_description':","                        return 'the greatest app in the world!';","                    case 'npm_package_name':","                        return 'my-app';","                    case 'npm_package_nameAlias':","                        return 'my_app';","                    case 'npm_package_version':","                        return '0.0.1';","                    }","                });","        }","        // run the cli","        if (local.global.utility2_rollup || module !== require.main) {","            break;","        }","        local.assetsDict['/assets.example.js'] =","            local.assetsDict['/assets.example.js'] ||","            local.fs.readFileSync(__filename, 'utf8');","        // bug-workaround - long $npm_package_buildCustomOrg","        /* jslint-ignore-begin */","        local.assetsDict['/assets.npmtest_electron_angular_boilerplate.rollup.js'] =","            local.assetsDict['/assets.npmtest_electron_angular_boilerplate.rollup.js'] ||","            local.fs.readFileSync(","                local.npmtest_electron_angular_boilerplate.__dirname + '/lib.npmtest_electron_angular_boilerplate.js',","                'utf8'","            ).replace((/^#!/), '//');","        /* jslint-ignore-end */","        local.assetsDict['/favicon.ico'] = local.assetsDict['/favicon.ico'] || '';","        // if $npm_config_timeout_exit exists,","        // then exit this process after $npm_config_timeout_exit ms","        if (Number(process.env.npm_config_timeout_exit)) {","            setTimeout(process.exit, Number(process.env.npm_config_timeout_exit));","        }","        // start server","        if (local.global.utility2_serverHttp1) {","            break;","        }","        process.env.PORT = process.env.PORT || '8081';","        console.error('server starting on port ' + process.env.PORT);","        local.http.createServer(function (request, response) {","            request.urlParsed = local.url.parse(request.url);","            if (local.assetsDict[request.urlParsed.pathname] !== undefined) {","                response.end(local.assetsDict[request.urlParsed.pathname]);","                return;","            }","            response.statusCode = 404;","            response.end();","        }).listen(process.env.PORT);","        break;","    }","}());",""],"l":{"26":2,"28":2,"33":2,"35":2,"37":2,"38":2,"39":2,"44":1,"51":2,"55":2,"59":2,"61":2,"69":1,"70":2,"76":2,"79":2,"82":2,"83":2,"85":1,"89":2,"92":1,"93":1,"94":1,"96":1,"97":1,"100":1,"101":1,"103":1,"106":1,"108":2,"114":1,"116":1,"118":1,"123":1,"124":2,"125":2,"126":3,"127":3,"128":3,"129":3,"130":1,"133":3,"134":3,"139":3,"143":1,"144":3,"145":1,"149":1,"150":1,"158":1,"160":1,"161":1,"162":1,"164":1,"166":1,"258":1,"259":1,"271":1,"274":6,"275":6,"277":1,"279":2,"281":1,"283":2,"288":1,"289":1,"291":1,"296":1,"303":1,"306":1,"307":1,"310":1,"311":1,"313":1,"314":1,"315":1,"316":1,"317":1,"318":1,"319":1,"321":1,"322":1,"324":1}},"/home/travis/build/npmtest/node-npmtest-electron-angular-boilerplate/node_modules/electron-angular-boilerplate/main.js":{"path":"/home/travis/build/npmtest/node-npmtest-electron-angular-boilerplate/node_modules/electron-angular-boilerplate/main.js","s":{"1":2,"2":0,"3":0,"4":0,"5":0,"6":0,"7":0,"8":0,"9":0,"10":0,"11":0,"12":0,"13":0,"14":0,"15":0,"16":0,"17":0,"18":0},"b":{"1":[0,0],"2":[0,0]},"f":{"1":0,"2":0,"3":0},"fnMap":{"1":{"name":"(anonymous_1)","line":30,"loc":{"start":{"line":30,"column":28},"end":{"line":30,"column":39}}},"2":{"name":"(anonymous_2)","line":34,"loc":{"start":{"line":34,"column":16},"end":{"line":34,"column":27}}},"3":{"name":"(anonymous_3)","line":38,"loc":{"start":{"line":38,"column":26},"end":{"line":38,"column":37}}}},"statementMap":{"1":{"start":{"line":3,"column":0},"end":{"line":3,"column":26}},"2":{"start":{"line":4,"column":0},"end":{"line":4,"column":25}},"3":{"start":{"line":5,"column":0},"end":{"line":5,"column":27}},"4":{"start":{"line":6,"column":0},"end":{"line":6,"column":46}},"5":{"start":{"line":12,"column":0},"end":{"line":12,"column":34}},"6":{"start":{"line":14,"column":0},"end":{"line":14,"column":22}},"7":{"start":{"line":15,"column":0},"end":{"line":20,"column":2}},"8":{"start":{"line":22,"column":0},"end":{"line":24,"column":12}},"9":{"start":{"line":30,"column":0},"end":{"line":32,"column":3}},"10":{"start":{"line":31,"column":2},"end":{"line":31,"column":51}},"11":{"start":{"line":31,"column":38},"end":{"line":31,"column":49}},"12":{"start":{"line":34,"column":0},"end":{"line":39,"column":3}},"13":{"start":{"line":35,"column":2},"end":{"line":35,"column":60}},"14":{"start":{"line":36,"column":2},"end":{"line":36,"column":92}},"15":{"start":{"line":37,"column":2},"end":{"line":37,"column":50}},"16":{"start":{"line":37,"column":22},"end":{"line":37,"column":48}},"17":{"start":{"line":38,"column":2},"end":{"line":38,"column":61}},"18":{"start":{"line":38,"column":39},"end":{"line":38,"column":57}}},"branchMap":{"1":{"line":31,"type":"if","locations":[{"start":{"line":31,"column":2},"end":{"line":31,"column":2}},{"start":{"line":31,"column":2},"end":{"line":31,"column":2}}]},"2":{"line":37,"type":"if","locations":[{"start":{"line":37,"column":2},"end":{"line":37,"column":2}},{"start":{"line":37,"column":2},"end":{"line":37,"column":2}}]}},"code":["'use strict';","","var _ = require('lodash');","var app = require('app');","var path = require('path');","var BrowserWindow = require('browser-window');","","// ####################################################","// ####################################################","","// Report crashes to our server.","require('crash-reporter').start();","","var mainWindow = null;","var options = {","\t\"debug\": true,","\t\"version\": \"1.0.0\",","\t\"views_dir\": \"views\",","\t\"root_view\": \"index.html\"","};","","options = _.extend({","\t// ADDITIONAL CUSTOM SETTINGS","}, options);","","// ############################################################################################","// ############################################################################################","","// Quit when all windows are closed.","app.on('window-all-closed', function() {","  if(process.platform !== 'darwin') { app.quit(); }","});","","app.on('ready', function() {","  mainWindow = new BrowserWindow({width: 800, height: 600});","  mainWindow.loadUrl(path.join('file://', __dirname, options.views_dir, options.root_view));","  if(options.debug) { mainWindow.openDevTools(); }","  mainWindow.on('closed', function() { mainWindow = null; });","});","","// ############################################################################################","// ############################################################################################",""],"l":{"3":2,"4":0,"5":0,"6":0,"12":0,"14":0,"15":0,"22":0,"30":0,"31":0,"34":0,"35":0,"36":0,"37":0,"38":0}},"/home/travis/build/npmtest/node-npmtest-electron-angular-boilerplate/node_modules/electron-angular-boilerplate/config.js":{"path":"/home/travis/build/npmtest/node-npmtest-electron-angular-boilerplate/node_modules/electron-angular-boilerplate/config.js","s":{"1":2,"2":0},"b":{},"f":{},"fnMap":{},"statementMap":{"1":{"start":{"line":1,"column":0},"end":{"line":14,"column":3}},"2":{"start":{"line":16,"column":0},"end":{"line":33,"column":3}}},"branchMap":{},"code":["System.config({","  \"baseURL\": \"c:\\\\Users\\\\strodrig\\\\AppData\\\\Roaming\\\\npm\\\\node_modules\\\\jspm\\\\lib\\\\config/\",","  \"transpiler\": \"babel\",","  \"babelOptions\": {","    \"optional\": [","      \"runtime\"","    ]","  },","  \"paths\": {","    \"*\": \"*.js\",","    \"github:*\": \"jspm_packages/github/*.js\",","    \"npm:*\": \"jspm_packages/npm/*.js\"","  }","});","","System.config({","  \"map\": {","    \"babel\": \"npm:babel-core@5.6.11\",","    \"babel-runtime\": \"npm:babel-runtime@5.6.11\",","    \"core-js\": \"npm:core-js@0.9.18\",","    \"github:jspm/nodelibs-process@0.1.1\": {","      \"process\": \"npm:process@0.10.1\"","    },","    \"npm:babel-runtime@5.6.11\": {","      \"process\": \"github:jspm/nodelibs-process@0.1.1\"","    },","    \"npm:core-js@0.9.18\": {","      \"fs\": \"github:jspm/nodelibs-fs@0.1.2\",","      \"process\": \"github:jspm/nodelibs-process@0.1.1\",","      \"systemjs-json\": \"github:systemjs/plugin-json@0.1.0\"","    }","  }","});","",""],"l":{"1":2,"16":0}},"/home/travis/build/npmtest/node-npmtest-electron-angular-boilerplate/node_modules/electron-angular-boilerplate/karma.conf.js":{"path":"/home/travis/build/npmtest/node-npmtest-electron-angular-boilerplate/node_modules/electron-angular-boilerplate/karma.conf.js","s":{"1":1,"2":0},"b":{},"f":{"1":0},"fnMap":{"1":{"name":"(anonymous_1)","line":6,"loc":{"start":{"line":6,"column":17},"end":{"line":6,"column":34}}}},"statementMap":{"1":{"start":{"line":6,"column":0},"end":{"line":81,"column":2}},"2":{"start":{"line":7,"column":2},"end":{"line":80,"column":5}}},"branchMap":{},"code":["// Karma configuration","// Generated on Wed Jul 08 2015 11:17:58 GMT-0400 (Eastern Daylight Time)","","'use strict';","","module.exports = function(config) {","  config.set({","","    // base path that will be used to resolve all patterns (eg. files, exclude)","    basePath: '',","","","    // frameworks to use","    // available frameworks: https://npmjs.org/browse/keyword/karma-adapter","    frameworks: ['jasmine'],","","","    // list of files / patterns to load in the browser","    files: [","      'dist/vendor/angularjs/angular.min.js',","      'dist/vendor/angular-mocks/angular-mocks.js',","      'dist/app/**/*.js',","      '__tests__/**/*.spec.js'","    ],","","","    // list of files to exclude","    exclude: [","    ],","","","    // preprocess matching files before serving them to the browser","    // available preprocessors: https://npmjs.org/browse/keyword/karma-preprocessor","    preprocessors: {","      'spec/**/*[sS]pec.js': ['coverage']","    },","","","    // test results reporter to use","    // possible values: 'dots', 'progress'","    // available reporters: https://npmjs.org/browse/keyword/karma-reporter","    reporters: ['progress', 'mocha', 'coverage'],","","    plugins: [","      'karma-jasmine',","      'karma-coverage',","      'karma-mocha-reporter',","      'karma-phantomjs-launcher'","    ],","","    // web server port","    port: 9876,","","","    // enable / disable colors in the output (reporters and logs)","    colors: true,","","    coverageReporter: {","      type : 'html',","      dir : 'karma-coverage/'","    },","","    // level of logging","    // possible values: config.LOG_DISABLE || config.LOG_ERROR || config.LOG_WARN || config.LOG_INFO || config.LOG_DEBUG","    logLevel: config.LOG_INFO,","","","    // enable / disable watching file and executing tests whenever any file changes","    autoWatch: true,","","","    // start these browsers","    // available browser launchers: https://npmjs.org/browse/keyword/karma-launcher","    browsers: ['PhantomJS'],","","","    // Continuous Integration mode","    // if true, Karma captures browsers, runs the tests and exits","    singleRun: true","  });","};",""],"l":{"6":1,"7":0}},"/home/travis/build/npmtest/node-npmtest-electron-angular-boilerplate/node_modules/electron-angular-boilerplate/jspm_packages/es6-module-loader.js":{"path":"/home/travis/build/npmtest/node-npmtest-electron-angular-boilerplate/node_modules/electron-angular-boilerplate/jspm_packages/es6-module-loader.js","s":{"1":1,"2":1,"3":1,"4":1,"5":1,"6":9,"7":7,"8":0,"9":0,"10":0,"11":0,"12":0,"13":0,"14":7,"15":7,"16":7,"17":7,"18":9,"19":1,"20":1,"21":1,"22":1,"23":1,"24":1,"25":1,"26":1,"27":1,"28":1,"29":1,"30":1,"31":1,"32":1,"33":1,"34":1,"35":0,"36":1,"37":0,"38":0,"39":0,"40":0,"41":0,"42":0,"43":0,"44":0,"45":1,"46":1,"47":1,"48":1,"49":0,"50":1,"51":1,"52":1,"53":1,"54":0,"55":1,"56":0,"57":0,"58":1,"59":0,"60":1,"61":0,"62":0,"63":1,"64":1,"65":0,"66":0,"67":0,"68":0,"69":0,"70":0,"71":0,"72":1,"73":1,"74":1,"75":1,"76":1,"77":1,"78":1,"79":1,"80":0,"81":1,"82":1,"83":0,"84":0,"85":0,"86":0,"87":0,"88":0,"89":0,"90":1,"91":0,"92":0,"93":0,"94":1,"95":1,"96":0,"97":0,"98":0,"99":0,"100":0,"101":0,"102":0,"103":1,"104":1,"105":1,"106":1,"107":1,"108":0,"109":0,"110":1,"111":0,"112":0,"113":1,"114":0,"115":0,"116":0,"117":1,"118":1,"119":1,"120":1,"121":1,"122":1,"123":1,"124":1,"125":1,"126":0,"127":1,"128":0,"129":1,"130":0,"131":0,"132":0,"133":0,"134":0,"135":0,"136":1,"137":0,"138":1,"139":0,"140":1,"141":0,"142":1,"143":0,"144":1,"145":0,"146":0,"147":1,"148":0,"149":1,"150":0,"151":1,"152":1,"153":0,"154":1,"155":0,"156":0,"157":0,"158":0,"159":1,"160":0,"161":0,"162":0,"163":0,"164":1,"165":0,"166":0,"167":1,"168":0,"169":0,"170":0,"171":1,"172":0,"173":1,"174":0,"175":0,"176":0,"177":0,"178":0,"179":0,"180":0,"181":0,"182":1,"183":0,"184":1,"185":0,"186":1,"187":0,"188":0,"189":0,"190":0,"191":1,"192":1,"193":1,"194":0,"195":1,"196":0,"197":1,"198":0,"199":1,"200":0,"201":1,"202":0,"203":1,"204":0,"205":1,"206":0,"207":1,"208":0,"209":1,"210":0,"211":1,"212":0,"213":1,"214":0,"215":1,"216":0,"217":0,"218":0,"219":1,"220":0,"221":1,"222":0,"223":1,"224":0,"225":1,"226":0,"227":1,"228":0,"229":1,"230":0,"231":1,"232":0,"233":0,"234":0,"235":1,"236":0,"237":0,"238":0,"239":1,"240":0,"241":0,"242":0,"243":1,"244":0,"245":0,"246":0,"247":1,"248":6,"249":1,"250":0,"251":1,"252":1,"253":1,"254":0,"255":0,"256":0,"257":0,"258":0,"259":0,"260":0,"261":0,"262":1,"263":1,"264":0,"265":1,"266":0,"267":0,"268":0,"269":0,"270":0,"271":0,"272":0,"273":0,"274":0,"275":0,"276":0,"277":0,"278":0,"279":0,"280":0,"281":1,"282":1,"283":0,"284":0,"285":0,"286":0,"287":0,"288":0,"289":0,"290":0,"291":0,"292":0,"293":0,"294":0,"295":0,"296":0,"297":0,"298":0,"299":0,"300":0,"301":0,"302":0,"303":0,"304":0,"305":0,"306":0,"307":1,"308":1,"309":0,"310":0,"311":0,"312":0,"313":0,"314":0,"315":0,"316":1,"317":1,"318":0,"319":0,"320":0,"321":0,"322":0,"323":1,"324":0,"325":1,"326":0,"327":1,"328":0,"329":0,"330":0,"331":0,"332":0,"333":0,"334":1,"335":1,"336":0,"337":0,"338":0,"339":1,"340":0,"341":1,"342":1,"343":1,"344":1,"345":0,"346":0,"347":0,"348":1,"349":0,"350":0,"351":0,"352":0,"353":1,"354":0,"355":1,"356":0,"357":1,"358":0,"359":0,"360":0,"361":0,"362":0,"363":0,"364":0,"365":0,"366":0,"367":1,"368":0,"369":0,"370":1,"371":0,"372":0,"373":1,"374":0,"375":0,"376":0,"377":0,"378":0,"379":0,"380":0,"381":0,"382":0,"383":0,"384":0,"385":0,"386":0,"387":0,"388":0,"389":0,"390":0,"391":0,"392":0,"393":0,"394":0,"395":0,"396":0,"397":0,"398":0,"399":1,"400":0,"401":0,"402":0,"403":0,"404":0,"405":0,"406":0,"407":0,"408":0,"409":0,"410":0,"411":0,"412":1,"413":0,"414":0,"415":0,"416":1,"417":0,"418":0,"419":0,"420":0,"421":0,"422":0,"423":0,"424":0,"425":0,"426":0,"427":0,"428":1,"429":0,"430":0,"431":0,"432":0,"433":0,"434":0,"435":1,"436":0,"437":0,"438":0,"439":0,"440":0,"441":0,"442":0,"443":0,"444":0,"445":1,"446":0,"447":0,"448":0,"449":0,"450":0,"451":0,"452":0,"453":0,"454":0,"455":0,"456":1,"457":0,"458":0,"459":0,"460":0,"461":0,"462":0,"463":0,"464":0,"465":0,"466":0,"467":0,"468":0,"469":1,"470":0,"471":0,"472":0,"473":0,"474":0,"475":0,"476":0,"477":0,"478":0,"479":0,"480":0,"481":1,"482":0,"483":0,"484":0,"485":0,"486":1,"487":0,"488":0,"489":0,"490":0,"491":0,"492":0,"493":0,"494":0,"495":0,"496":0,"497":0,"498":0,"499":0,"500":0,"501":0,"502":1,"503":0,"504":0,"505":1,"506":0,"507":0,"508":0,"509":0,"510":0,"511":0,"512":0,"513":0,"514":0,"515":0,"516":0,"517":0,"518":0,"519":0,"520":0,"521":0,"522":0,"523":1,"524":0,"525":1,"526":0,"527":0,"528":0,"529":1,"530":0,"531":0,"532":0,"533":1,"534":0,"535":0,"536":0,"537":0,"538":0,"539":0,"540":0,"541":0,"542":0,"543":0,"544":1,"545":0,"546":1,"547":1,"548":0,"549":1,"550":0,"551":1,"552":1,"553":0,"554":0,"555":0,"556":0,"557":1,"558":1,"559":1,"560":0,"561":0,"562":0,"563":0,"564":1,"565":0,"566":0,"567":0,"568":0,"569":0,"570":0,"571":0,"572":0,"573":0,"574":0,"575":0,"576":0,"577":0,"578":0,"579":0,"580":0,"581":0,"582":0,"583":0,"584":0,"585":0,"586":0,"587":0,"588":0,"589":0,"590":0,"591":0,"592":0,"593":0,"594":0,"595":0,"596":0,"597":0,"598":0,"599":0,"600":0,"601":0,"602":0,"603":1,"604":1,"605":1,"606":0,"607":1,"608":0,"609":0,"610":0,"611":0,"612":1,"613":0,"614":0,"615":0,"616":1,"617":0,"618":0,"619":0,"620":0,"621":1,"622":1,"623":0,"624":0,"625":0,"626":0,"627":0,"628":0,"629":0,"630":0,"631":1,"632":0,"633":0,"634":1,"635":0,"636":0,"637":0,"638":1,"639":0,"640":1,"641":0,"642":1,"643":0,"644":0,"645":0,"646":0,"647":0,"648":0,"649":0,"650":1,"651":1,"652":0,"653":1,"654":0,"655":1,"656":0,"657":0,"658":0,"659":0,"660":0,"661":0,"662":0,"663":0,"664":1,"665":0,"666":1,"667":1,"668":0,"669":0,"670":0,"671":0,"672":1,"673":1,"674":1,"675":0,"676":0,"677":1,"678":0,"679":1,"680":1,"681":1,"682":0,"683":0,"684":0,"685":0,"686":0,"687":0,"688":0,"689":0,"690":0,"691":0,"692":0,"693":0,"694":0,"695":0,"696":0,"697":0,"698":0,"699":0,"700":0,"701":0,"702":0,"703":0,"704":0,"705":0,"706":0,"707":0,"708":0,"709":0,"710":0,"711":0,"712":0,"713":0,"714":0,"715":0,"716":0,"717":0,"718":0,"719":0,"720":0,"721":0,"722":0,"723":1,"724":0,"725":0},"b":{"1":[1,0],"2":[0,0],"3":[0,0],"4":[0,0],"5":[0,0],"6":[0,0],"7":[7,2],"8":[0,7],"9":[0,0],"10":[0,0],"11":[0,0],"12":[0,0],"13":[7,0],"14":[1,0],"15":[0,0],"16":[0,1],"17":[1,0],"18":[0,0],"19":[0,1],"20":[1,0],"21":[0,0],"22":[0,0],"23":[0,0],"24":[1,1],"25":[1,0],"26":[1,0],"27":[0,1],"28":[1,0],"29":[1,1,1],"30":[0,0,0,0],"31":[1,1],"32":[1,0],"33":[0,0],"34":[0,0],"35":[0,0],"36":[0,1],"37":[1,0],"38":[0,0],"39":[0,0,0],"40":[0,0],"41":[0,0,0],"42":[0,1],"43":[1,0],"44":[1,0],"45":[0,0],"46":[0,0],"47":[0,0],"48":[0,0],"49":[0,0],"50":[0,0],"51":[0,0],"52":[0,0],"53":[0,0],"54":[0,0],"55":[0,0],"56":[0,0],"57":[0,0],"58":[0,0],"59":[0,0],"60":[0,0],"61":[0,0],"62":[0,0],"63":[0,0],"64":[0,0],"65":[0,0],"66":[0,0],"67":[0,0],"68":[0,0],"69":[0,0,0],"70":[0,0],"71":[0,0],"72":[0,0],"73":[1,0],"74":[1,1,1],"75":[0,0],"76":[0,0],"77":[0,0],"78":[0,0],"79":[1,0],"80":[0,0],"81":[0,0,0,0],"82":[0,0],"83":[0,0],"84":[0,0],"85":[0,0],"86":[0,0],"87":[0,0],"88":[0,0],"89":[0,0],"90":[0,0],"91":[0,0],"92":[0,0],"93":[0,0],"94":[0,0],"95":[0,0],"96":[0,0],"97":[0,0],"98":[0,0,0],"99":[0,0],"100":[0,0,0],"101":[0,0],"102":[0,1],"103":[1,0],"104":[0,0],"105":[0,0,0],"106":[0,0],"107":[1,0],"108":[1,1],"109":[0,0],"110":[1,0],"111":[0,0],"112":[0,0],"113":[0,0],"114":[0,0,0],"115":[0,0],"116":[0,0],"117":[0,0],"118":[0,0],"119":[0,0],"120":[0,0],"121":[0,0],"122":[0,0],"123":[0,0],"124":[0,0],"125":[0,0],"126":[0,0],"127":[0,0,0],"128":[0,0],"129":[0,0],"130":[0,0],"131":[0,0],"132":[0,0],"133":[0,0],"134":[0,0],"135":[0,0],"136":[0,0],"137":[0,0],"138":[0,0,0],"139":[0,0],"140":[0,0],"141":[0,0],"142":[0,0],"143":[0,0],"144":[0,0],"145":[0,0],"146":[0,0],"147":[0,0],"148":[0,0],"149":[0,0],"150":[0,0],"151":[0,0],"152":[0,0],"153":[0,0],"154":[0,0],"155":[0,0],"156":[0,0],"157":[0,0],"158":[0,0],"159":[0,0],"160":[0,0],"161":[0,0],"162":[0,0],"163":[0,0],"164":[0,0],"165":[0,0],"166":[0,0],"167":[0,0],"168":[0,0],"169":[0,0],"170":[0,0],"171":[0,0],"172":[0,0],"173":[0,0],"174":[0,0],"175":[0,0],"176":[0,0,0],"177":[0,0],"178":[0,0],"179":[0,0],"180":[0,0],"181":[0,0],"182":[0,1],"183":[1,0],"184":[1,0],"185":[1,0],"186":[1,0],"187":[1,0],"188":[1,0],"189":[1,1],"190":[1,0],"191":[1,0],"192":[0,0],"193":[0,0],"194":[0,0,0],"195":[0,0],"196":[0,0],"197":[0,0],"198":[0,0],"199":[0,0],"200":[0,0],"201":[0,0],"202":[0,0],"203":[0,0],"204":[0,0],"205":[0,0],"206":[0,0],"207":[0,0],"208":[0,0],"209":[0,0],"210":[0,0],"211":[1,1],"212":[1,0],"213":[1,1],"214":[1,1],"215":[0,0],"216":[0,0],"217":[0,0],"218":[0,0],"219":[0,0,0],"220":[0,0,0],"221":[0,0],"222":[0,0],"223":[0,0],"224":[0,0],"225":[0,0],"226":[0,0],"227":[0,0],"228":[0,0],"229":[0,0],"230":[0,0],"231":[0,0],"232":[0,0],"233":[0,0],"234":[0,0],"235":[0,0],"236":[0,0],"237":[0,0],"238":[0,0],"239":[0,0],"240":[0,0],"241":[0,0],"242":[0,0],"243":[0,0],"244":[0,0],"245":[0,0,0],"246":[0,0],"247":[0,0],"248":[0,0],"249":[0,0],"250":[0,0,0],"251":[0,0],"252":[0,0],"253":[1,0],"254":[1,1],"255":[1,0],"256":[0,1],"257":[0,0],"258":[0,0],"259":[0,0],"260":[0,0],"261":[0,0,0],"262":[0,0],"263":[0,0],"264":[0,0,0],"265":[0,0],"266":[0,1],"267":[0,0],"268":[0,0],"269":[0,0],"270":[0,0],"271":[0,1],"272":[1,1],"273":[1,0],"274":[0,1],"275":[1,1],"276":[1,0],"277":[1,0],"278":[1,0],"279":[0,0],"280":[0,0],"281":[0,0],"282":[0,0],"283":[0,0],"284":[0,0],"285":[0,0],"286":[0,0,0],"287":[0,0],"288":[0,0],"289":[0,0],"290":[0,0],"291":[0,0],"292":[0,0],"293":[0,0,0],"294":[0,0],"295":[0,0],"296":[0,1],"297":[1,1],"298":[1,0],"299":[0,0],"300":[0,0],"301":[0,0],"302":[0,1],"303":[1,0]},"f":{"1":1,"2":1,"3":1,"4":9,"5":7,"6":1,"7":1,"8":1,"9":1,"10":1,"11":1,"12":1,"13":1,"14":1,"15":0,"16":0,"17":0,"18":0,"19":0,"20":1,"21":1,"22":1,"23":1,"24":0,"25":0,"26":1,"27":0,"28":0,"29":0,"30":0,"31":0,"32":0,"33":0,"34":0,"35":0,"36":0,"37":0,"38":1,"39":1,"40":1,"41":1,"42":1,"43":0,"44":0,"45":0,"46":0,"47":0,"48":0,"49":0,"50":0,"51":0,"52":1,"53":1,"54":1,"55":1,"56":0,"57":0,"58":0,"59":1,"60":1,"61":1,"62":1,"63":1,"64":1,"65":0,"66":0,"67":0,"68":0,"69":0,"70":0,"71":0,"72":0,"73":0,"74":0,"75":0,"76":0,"77":0,"78":0,"79":0,"80":0,"81":0,"82":0,"83":0,"84":0,"85":0,"86":0,"87":1,"88":1,"89":0,"90":0,"91":0,"92":0,"93":0,"94":0,"95":0,"96":0,"97":0,"98":0,"99":0,"100":0,"101":0,"102":0,"103":0,"104":0,"105":0,"106":0,"107":0,"108":0,"109":0,"110":0,"111":6,"112":0,"113":0,"114":1,"115":0,"116":0,"117":0,"118":0,"119":0,"120":0,"121":0,"122":0,"123":0,"124":0,"125":0,"126":0,"127":0,"128":0,"129":0,"130":0,"131":0,"132":0,"133":0,"134":0,"135":0,"136":0,"137":0,"138":0,"139":0,"140":0,"141":0,"142":0,"143":0,"144":0,"145":0,"146":0,"147":0,"148":0,"149":0,"150":0,"151":0,"152":0,"153":0,"154":0,"155":0,"156":0,"157":0,"158":0,"159":0,"160":1,"161":1,"162":0,"163":0,"164":1,"165":0,"166":0,"167":0,"168":1,"169":0,"170":0,"171":0,"172":0,"173":0,"174":0,"175":0,"176":0,"177":0,"178":0,"179":0,"180":0,"181":0,"182":0,"183":0,"184":0,"185":0,"186":0,"187":0,"188":0,"189":0,"190":0,"191":0,"192":0,"193":0,"194":0,"195":0,"196":0,"197":0,"198":0,"199":0,"200":0,"201":0,"202":0,"203":0,"204":0,"205":0,"206":0,"207":0,"208":0,"209":0,"210":0,"211":0,"212":0,"213":1,"214":0,"215":0,"216":0,"217":0,"218":0,"219":0,"220":0,"221":0,"222":0,"223":0,"224":0,"225":0,"226":0,"227":0,"228":0,"229":0,"230":0,"231":0,"232":0,"233":0,"234":0,"235":0,"236":0,"237":0,"238":0,"239":0,"240":1,"241":0,"242":0,"243":0,"244":0,"245":0,"246":0,"247":0,"248":0,"249":0,"250":1,"251":0,"252":0,"253":0,"254":0,"255":0,"256":0,"257":0,"258":0,"259":0,"260":0,"261":0,"262":0,"263":0,"264":0,"265":0,"266":0,"267":1,"268":1,"269":0,"270":0,"271":0,"272":0,"273":0,"274":0,"275":0},"fnMap":{"1":{"name":"(anonymous_1)","line":7,"loc":{"start":{"line":7,"column":1},"end":{"line":7,"column":12}}},"2":{"name":"(anonymous_2)","line":7,"loc":{"start":{"line":7,"column":243},"end":{"line":7,"column":253}}},"3":{"name":"b","line":7,"loc":{"start":{"line":7,"column":267},"end":{"line":7,"column":284}}},"4":{"name":"e","line":7,"loc":{"start":{"line":7,"column":285},"end":{"line":7,"column":300}}},"5":{"name":"(anonymous_5)","line":7,"loc":{"start":{"line":7,"column":500},"end":{"line":7,"column":511}}},"6":{"name":"(anonymous_6)","line":7,"loc":{"start":{"line":7,"column":674},"end":{"line":7,"column":687}}},"7":{"name":"(anonymous_7)","line":7,"loc":{"start":{"line":7,"column":924},"end":{"line":7,"column":937}}},"8":{"name":"(anonymous_8)","line":7,"loc":{"start":{"line":7,"column":939},"end":{"line":7,"column":950}}},"9":{"name":"(anonymous_9)","line":7,"loc":{"start":{"line":7,"column":966},"end":{"line":7,"column":977}}},"10":{"name":"(anonymous_10)","line":7,"loc":{"start":{"line":7,"column":1104},"end":{"line":7,"column":1115}}},"11":{"name":"(anonymous_11)","line":7,"loc":{"start":{"line":7,"column":1184},"end":{"line":7,"column":1197}}},"12":{"name":"(anonymous_12)","line":7,"loc":{"start":{"line":7,"column":1199},"end":{"line":7,"column":1210}}},"13":{"name":"(anonymous_13)","line":7,"loc":{"start":{"line":7,"column":1226},"end":{"line":7,"column":1236}}},"14":{"name":"a","line":7,"loc":{"start":{"line":7,"column":1237},"end":{"line":7,"column":1250}}},"15":{"name":"(anonymous_15)","line":7,"loc":{"start":{"line":7,"column":1380},"end":{"line":7,"column":1390}}},"16":{"name":"(anonymous_16)","line":7,"loc":{"start":{"line":7,"column":1430},"end":{"line":7,"column":1441}}},"17":{"name":"(anonymous_17)","line":7,"loc":{"start":{"line":7,"column":1509},"end":{"line":7,"column":1520}}},"18":{"name":"(anonymous_18)","line":7,"loc":{"start":{"line":7,"column":1591},"end":{"line":7,"column":1601}}},"19":{"name":"(anonymous_19)","line":7,"loc":{"start":{"line":7,"column":1680},"end":{"line":7,"column":1690}}},"20":{"name":"(anonymous_20)","line":7,"loc":{"start":{"line":7,"column":1946},"end":{"line":7,"column":1957}}},"21":{"name":"(anonymous_21)","line":7,"loc":{"start":{"line":7,"column":1982},"end":{"line":7,"column":1995}}},"22":{"name":"(anonymous_22)","line":7,"loc":{"start":{"line":7,"column":1997},"end":{"line":7,"column":2008}}},"23":{"name":"(anonymous_23)","line":7,"loc":{"start":{"line":7,"column":2024},"end":{"line":7,"column":2035}}},"24":{"name":"b","line":7,"loc":{"start":{"line":7,"column":2036},"end":{"line":7,"column":2049}}},"25":{"name":"c","line":7,"loc":{"start":{"line":7,"column":2058},"end":{"line":7,"column":2070}}},"26":{"name":"(anonymous_26)","line":7,"loc":{"start":{"line":7,"column":2123},"end":{"line":7,"column":2134}}},"27":{"name":"f","line":7,"loc":{"start":{"line":7,"column":2135},"end":{"line":7,"column":2148}}},"28":{"name":"g","line":7,"loc":{"start":{"line":7,"column":2244},"end":{"line":7,"column":2257}}},"29":{"name":"h","line":7,"loc":{"start":{"line":7,"column":2367},"end":{"line":7,"column":2382}}},"30":{"name":"i","line":7,"loc":{"start":{"line":7,"column":2416},"end":{"line":7,"column":2428}}},"31":{"name":"(anonymous_31)","line":7,"loc":{"start":{"line":7,"column":2557},"end":{"line":7,"column":2568}}},"32":{"name":"(anonymous_32)","line":7,"loc":{"start":{"line":7,"column":2581},"end":{"line":7,"column":2592}}},"33":{"name":"(anonymous_33)","line":7,"loc":{"start":{"line":7,"column":2632},"end":{"line":7,"column":2643}}},"34":{"name":"(anonymous_34)","line":7,"loc":{"start":{"line":7,"column":2655},"end":{"line":7,"column":2666}}},"35":{"name":"(anonymous_35)","line":7,"loc":{"start":{"line":7,"column":2712},"end":{"line":7,"column":2723}}},"36":{"name":"(anonymous_36)","line":7,"loc":{"start":{"line":7,"column":2773},"end":{"line":7,"column":2784}}},"37":{"name":"(anonymous_37)","line":7,"loc":{"start":{"line":7,"column":2812},"end":{"line":7,"column":2823}}},"38":{"name":"(anonymous_38)","line":7,"loc":{"start":{"line":7,"column":2902},"end":{"line":7,"column":2913}}},"39":{"name":"(anonymous_39)","line":7,"loc":{"start":{"line":7,"column":2963},"end":{"line":7,"column":2976}}},"40":{"name":"(anonymous_40)","line":7,"loc":{"start":{"line":7,"column":2978},"end":{"line":7,"column":2989}}},"41":{"name":"(anonymous_41)","line":7,"loc":{"start":{"line":7,"column":3005},"end":{"line":7,"column":3016}}},"42":{"name":"b","line":7,"loc":{"start":{"line":7,"column":3017},"end":{"line":7,"column":3029}}},"43":{"name":"c","line":7,"loc":{"start":{"line":7,"column":3117},"end":{"line":7,"column":3129}}},"44":{"name":"d","line":7,"loc":{"start":{"line":7,"column":3257},"end":{"line":7,"column":3270}}},"45":{"name":"b","line":7,"loc":{"start":{"line":7,"column":3271},"end":{"line":7,"column":3283}}},"46":{"name":"(anonymous_46)","line":7,"loc":{"start":{"line":7,"column":3399},"end":{"line":7,"column":3410}}},"47":{"name":"(anonymous_47)","line":7,"loc":{"start":{"line":7,"column":3481},"end":{"line":7,"column":3494}}},"48":{"name":"(anonymous_48)","line":7,"loc":{"start":{"line":7,"column":3521},"end":{"line":7,"column":3532}}},"49":{"name":"(anonymous_49)","line":7,"loc":{"start":{"line":7,"column":3559},"end":{"line":7,"column":3570}}},"50":{"name":"(anonymous_50)","line":7,"loc":{"start":{"line":7,"column":3595},"end":{"line":7,"column":3606}}},"51":{"name":"(anonymous_51)","line":7,"loc":{"start":{"line":7,"column":3691},"end":{"line":7,"column":3704}}},"52":{"name":"(anonymous_52)","line":7,"loc":{"start":{"line":7,"column":3847},"end":{"line":7,"column":3858}}},"53":{"name":"(anonymous_53)","line":7,"loc":{"start":{"line":7,"column":3884},"end":{"line":7,"column":3897}}},"54":{"name":"(anonymous_54)","line":7,"loc":{"start":{"line":7,"column":3899},"end":{"line":7,"column":3910}}},"55":{"name":"(anonymous_55)","line":7,"loc":{"start":{"line":7,"column":3926},"end":{"line":7,"column":3936}}},"56":{"name":"a","line":7,"loc":{"start":{"line":7,"column":3937},"end":{"line":7,"column":3950}}},"57":{"name":"b","line":7,"loc":{"start":{"line":7,"column":4067},"end":{"line":7,"column":4080}}},"58":{"name":"c","line":7,"loc":{"start":{"line":7,"column":4165},"end":{"line":7,"column":4180}}},"59":{"name":"(anonymous_59)","line":7,"loc":{"start":{"line":7,"column":4314},"end":{"line":7,"column":4325}}},"60":{"name":"(anonymous_60)","line":7,"loc":{"start":{"line":7,"column":4350},"end":{"line":7,"column":4363}}},"61":{"name":"(anonymous_61)","line":7,"loc":{"start":{"line":7,"column":4365},"end":{"line":7,"column":4376}}},"62":{"name":"(anonymous_62)","line":7,"loc":{"start":{"line":7,"column":4392},"end":{"line":7,"column":4402}}},"63":{"name":"(anonymous_63)","line":7,"loc":{"start":{"line":7,"column":4410},"end":{"line":7,"column":4421}}},"64":{"name":"b","line":7,"loc":{"start":{"line":7,"column":4422},"end":{"line":7,"column":4437}}},"65":{"name":"c","line":7,"loc":{"start":{"line":7,"column":4465},"end":{"line":7,"column":4478}}},"66":{"name":"b","line":7,"loc":{"start":{"line":7,"column":4479},"end":{"line":7,"column":4492}}},"67":{"name":"c","line":7,"loc":{"start":{"line":7,"column":4506},"end":{"line":7,"column":4519}}},"68":{"name":"d","line":7,"loc":{"start":{"line":7,"column":4532},"end":{"line":7,"column":4545}}},"69":{"name":"d","line":7,"loc":{"start":{"line":7,"column":4606},"end":{"line":7,"column":4619}}},"70":{"name":"e","line":7,"loc":{"start":{"line":7,"column":4655},"end":{"line":7,"column":4668}}},"71":{"name":"f","line":7,"loc":{"start":{"line":7,"column":4701},"end":{"line":7,"column":4713}}},"72":{"name":"g","line":7,"loc":{"start":{"line":7,"column":4723},"end":{"line":7,"column":4735}}},"73":{"name":"h","line":7,"loc":{"start":{"line":7,"column":4758},"end":{"line":7,"column":4773}}},"74":{"name":"i","line":7,"loc":{"start":{"line":7,"column":4833},"end":{"line":7,"column":4846}}},"75":{"name":"j","line":7,"loc":{"start":{"line":7,"column":4866},"end":{"line":7,"column":4881}}},"76":{"name":"k","line":7,"loc":{"start":{"line":7,"column":4898},"end":{"line":7,"column":4915}}},"77":{"name":"e","line":7,"loc":{"start":{"line":7,"column":4916},"end":{"line":7,"column":4933}}},"78":{"name":"f","line":7,"loc":{"start":{"line":7,"column":4966},"end":{"line":7,"column":4983}}},"79":{"name":"l","line":7,"loc":{"start":{"line":7,"column":5213},"end":{"line":7,"column":5234}}},"80":{"name":"m","line":7,"loc":{"start":{"line":7,"column":5352},"end":{"line":7,"column":5369}}},"81":{"name":"n","line":7,"loc":{"start":{"line":7,"column":5410},"end":{"line":7,"column":5425}}},"82":{"name":"o","line":7,"loc":{"start":{"line":7,"column":5508},"end":{"line":7,"column":5521}}},"83":{"name":"p","line":7,"loc":{"start":{"line":7,"column":5650},"end":{"line":7,"column":5663}}},"84":{"name":"q","line":7,"loc":{"start":{"line":7,"column":5837},"end":{"line":7,"column":5850}}},"85":{"name":"r","line":7,"loc":{"start":{"line":7,"column":5900},"end":{"line":7,"column":5913}}},"86":{"name":"s","line":7,"loc":{"start":{"line":7,"column":5949},"end":{"line":7,"column":5962}}},"87":{"name":"t","line":7,"loc":{"start":{"line":7,"column":6053},"end":{"line":7,"column":6065}}},"88":{"name":"u","line":7,"loc":{"start":{"line":7,"column":6067},"end":{"line":7,"column":6079}}},"89":{"name":"v","line":7,"loc":{"start":{"line":7,"column":6081},"end":{"line":7,"column":6096}}},"90":{"name":"w","line":7,"loc":{"start":{"line":7,"column":6196},"end":{"line":7,"column":6209}}},"91":{"name":"x","line":7,"loc":{"start":{"line":7,"column":6225},"end":{"line":7,"column":6240}}},"92":{"name":"y","line":7,"loc":{"start":{"line":7,"column":6281},"end":{"line":7,"column":6294}}},"93":{"name":
[...]
","      rangeObj.fuzzy = true;","","    // ~1, ~0 behave like ^1, ^0","    if (rangeObj.fuzzy && isNaN(rangeVersion.minor)) {","      rangeObj.semver = true;","      rangeObj.fuzzy = false;","    }","","    // ^0.0 behaves like ~0.0","    if (rangeObj.semver && !isNaN(rangeVersion.minor) && isNaN(rangeVersion.patch)) {","      rangeObj.semver = false;","      rangeObj.fuzzy = true;","    }","","    return rangeObj;","  }","","  function semverCompare(v1, v2) {","    return semverCompareParsed(parseSemver(v1), parseSemver(v2));","  }","","  loader.versions = loader.versions || {};","","  var loaderNormalize = loader.normalize;","  // NOW use modified match algorithm if possible","  loader.normalize = function(name, parentName, parentAddress) {","    if (!this.versions)","      this.versions = {};","    var packageVersions = this.versions;","","    // strip the version before applying map config","    var stripVersion, stripSubPathLength;","    var versionIndex = name.indexOf('!') != -1 ? 0 : name.lastIndexOf('@');","    if (versionIndex > 0) {","      var parts = name.substr(versionIndex + 1, name.length - versionIndex - 1).split('/');","      stripVersion = parts[0];","      stripSubPathLength = parts.length;","      name = name.substr(0, versionIndex) + name.substr(versionIndex + stripVersion.length + 1, name.length - versionIndex - stripVersion.length - 1);","    }","","    // run all other normalizers first","    return Promise.resolve(loaderNormalize.call(this, name, parentName, parentAddress)).then(function(normalized) {","      ","      var index = normalized.indexOf('!') != -1 ? 0 : normalized.indexOf('@');","","      // if we stripped a version, and it still has no version, add it back","      if (stripVersion && (index == -1 || index == 0)) {","        var parts = normalized.split('/');","        parts[parts.length - stripSubPathLength] += '@' + stripVersion;","        normalized = parts.join('/');","        index = normalized.indexOf('@');","      }","","      // see if this module corresponds to a package already in our versioned packages list","      ","      // no version specified - check against the list (given we don't know the package name)","      var nextChar, versions;","      if (index == -1 || index == 0) {","        for (var p in packageVersions) {","          versions = packageVersions[p];","          if (normalized.substr(0, p.length) != p)","            continue;","","          nextChar = normalized.substr(p.length, 1);","","          if (nextChar && nextChar != '/')","            continue;","","          // match -> take latest version","          return p + '@' + (typeof versions == 'string' ? versions : versions[versions.length - 1]) + normalized.substr(p.length);","        }","        return normalized;","      }","","      // get the version info","      var packageName = normalized.substr(0, index);","      var range = normalized.substr(index + 1).split('/')[0];","      var rangeLength = range.length;","      var parsedRange = parseRange(normalized.substr(index + 1).split('/')[0]);","      versions = packageVersions[normalized.substr(0, index)] || [];","      if (typeof versions == 'string')","        versions = [versions];","","      // find a match in our version list","      for (var i = versions.length - 1; i >= 0; i--) {","        if (matchParsed(parsedRange, parseSemver(versions[i])))","          return packageName + '@' + versions[i] + normalized.substr(index + rangeLength + 1);","      }","","      // no match found -> send a request to the server","      var versionRequest;","      if (parsedRange.semver) {","        versionRequest = parsedRange.version.major == 0 && !isNaN(parsedRange.version.minor) ? '0.' + parsedRange.version.minor : parsedRange.version.major;","      }","      else if (parsedRange.fuzzy) {","        versionRequest = parsedRange.version.major + '.' + parsedRange.version.minor;","      }","      else {","        versionRequest = range;","        versions.push(range);","        versions.sort(semverCompare);","        packageVersions[packageName] = versions.length == 1 ? versions[0] : versions;","      }","","      return packageName + '@' + versionRequest + normalized.substr(index + rangeLength + 1);","    });","  }","}","/*"," * Dependency Tree Cache"," * "," * Allows a build to pre-populate a dependency trace tree on the loader of "," * the expected dependency tree, to be loaded upfront when requesting the"," * module, avoinding the n round trips latency of module loading, where "," * n is the dependency tree depth."," *"," * eg:"," * System.depCache = {"," *  'app': ['normalized', 'deps'],"," *  'normalized': ['another'],"," *  'deps': ['tree']"," * };"," * "," * System.import('app') "," * // simultaneously starts loading all of:"," * // 'normalized', 'deps', 'another', 'tree'"," * // before \"app\" source is even loaded"," */","","function depCache(loader) {","  loader.depCache = loader.depCache || {};","","  loader._extensions.push(depCache);","","  var loaderLocate = loader.locate;","  loader.locate = function(load) {","    var loader = this;","","    if (!loader.depCache)","      loader.depCache = {};","","    // load direct deps, in turn will pick up their trace trees","    var deps = loader.depCache[load.name];","    if (deps)","      for (var i = 0; i < deps.length; i++)","        loader.load(deps[i]);","","    return loaderLocate.call(loader, load);","  }","}","  ","core(System);","meta(System);","register(System);","es6(System);","global(System);","cjs(System);","amd(System);","map(System);","plugins(System);","bundles(System);","versions(System);","depCache(System);","","};","","var $__curScript, __eval;","","(function() {","","  var doEval;","","  __eval = function(source, address, sourceMap) {","    source += '\\n//# sourceURL=' + address + (sourceMap ? '\\n//# sourceMappingURL=' + sourceMap : '');","","    try {","      doEval(source);","    }","    catch(e) {","      var msg = 'Error evaluating ' + address + '\\n';","      if (e instanceof Error)","        e.message = msg + e.message;","      else","        e = msg + e;","      throw e;","    }","  };","","  if (typeof document != 'undefined') {","    var head;","","    var scripts = document.getElementsByTagName('script');","    $__curScript = scripts[scripts.length - 1];","","    // globally scoped eval for the browser","    doEval = function(source) {","      if (!head)","        head = document.head || document.body || document.documentElement;","","      var script = document.createElement('script');","      script.text = source;","      var onerror = window.onerror;","      var e;","      window.onerror = function(_e) {","        e = _e;","      }","      head.appendChild(script);","      head.removeChild(script);","      window.onerror = onerror;","      if (e)","        throw e;","    }","","    if (!$__global.System || !$__global.LoaderPolyfill) {","      // determine the current script path as the base path","      var curPath = $__curScript.src;","      var basePath = curPath.substr(0, curPath.lastIndexOf('/') + 1);","      document.write(","        '<' + 'script type=\"text/javascript\" src=\"' + basePath + 'es6-module-loader.js\" data-init=\"upgradeSystemLoader\">' + '<' + '/script>'","      );","    }","    else {","      $__global.upgradeSystemLoader();","    }","  }","  else if (typeof importScripts != 'undefined') {","    doEval = function(source) {","      try {","        eval(source);","      } catch(e) {","        throw e;","      }","    };","","    if (!$__global.System || !$__global.LoaderPolyfill) {","      var basePath = '';","      try {","        throw new Error('Get worker base path via error stack');","      } catch (e) {","        e.stack.replace(/(?:at|@).*(http.+):[\\d]+:[\\d]+/, function (m, url) {","          basePath = url.replace(/\\/[^\\/]*$/, '/');","        });","      }","      importScripts(basePath + 'es6-module-loader.js');","      $__global.upgradeSystemLoader();","    } else {","      $__global.upgradeSystemLoader();","    }","  }","  else {","    var es6ModuleLoader = require('es6-module-loader');","    $__global.System = es6ModuleLoader.System;","    $__global.Loader = es6ModuleLoader.Loader;","    $__global.upgradeSystemLoader();","    module.exports = $__global.System;","","    // global scoped eval for node","    var vm = require('vm');","    doEval = function(source, address, sourceMap) {","      vm.runInThisContext(source);","    }","  }","})();","","})(typeof window != 'undefined' ? window : (typeof global != 'undefined' ? global : self),","typeof window != 'undefined' ? 'window' : (typeof global != 'undefined' ? 'global' : 'self'));",""],"l":{"5":2,"7":2,"8":0,"11":0,"12":0,"13":0,"14":0,"15":0,"18":0,"21":1,"22":0,"24":0,"36":1,"37":1,"38":0,"39":0,"43":0,"44":0,"46":0,"48":0,"51":0,"52":0,"54":0,"55":0,"57":0,"65":0,"66":0,"67":0,"68":0,"69":0,"70":0,"71":0,"74":0,"75":0,"76":0,"85":0,"86":1,"101":0,"102":0,"103":0,"104":0,"109":0,"112":0,"113":0,"134":0,"135":0,"136":0,"137":0,"138":0,"139":0,"140":0,"143":0,"148":0,"149":0,"151":0,"152":0,"153":0,"156":0,"157":0,"160":0,"161":0,"162":0,"163":0,"167":0,"168":0,"169":0,"170":0,"171":0,"173":0,"174":0,"175":0,"178":0,"181":1,"182":0,"183":0,"184":0,"188":0,"189":0,"191":0,"192":0,"193":0,"194":0,"195":0,"196":0,"197":0,"239":1,"240":0,"241":0,"243":0,"244":0,"245":0,"247":1,"248":0,"249":0,"250":0,"251":0,"255":0,"256":0,"257":0,"258":0,"261":0,"262":0,"264":0,"265":0,"266":0,"267":0,"268":0,"270":0,"271":0,"272":0,"274":0,"275":0,"277":0,"279":0,"280":0,"281":0,"283":0,"284":0,"285":0,"286":0,"291":0,"293":0,"314":1,"315":0,"316":0,"317":0,"318":0,"320":0,"321":0,"325":0,"326":1,"327":0,"329":0,"330":0,"331":0,"332":0,"333":0,"334":0,"335":0,"339":0,"341":0,"343":1,"344":0,"345":0,"346":0,"347":0,"348":0,"364":0,"365":0,"366":1,"367":0,"368":0,"369":0,"370":0,"371":0,"374":0,"376":0,"379":0,"380":0,"389":0,"397":0,"398":0,"400":0,"401":0,"404":0,"405":0,"406":0,"407":0,"441":1,"442":0,"443":0,"445":0,"447":0,"448":0,"451":0,"452":0,"453":0,"455":0,"456":0,"458":0,"459":0,"460":0,"465":0,"467":1,"468":0,"470":0,"471":0,"473":0,"475":0,"476":0,"477":0,"480":0,"481":0,"484":0,"487":0,"490":0,"491":0,"494":0,"495":0,"498":0,"501":0,"505":1,"506":0,"509":0,"510":0,"512":0,"514":0,"516":0,"518":0,"519":0,"520":0,"521":0,"522":0,"525":0,"526":0,"528":0,"530":0,"535":0,"536":1,"537":0,"545":1,"547":0,"548":0,"550":0,"551":0,"553":0,"554":0,"555":0,"557":0,"558":0,"559":0,"560":0,"561":0,"565":0,"566":0,"569":0,"570":0,"572":0,"573":0,"577":0,"578":0,"579":0,"580":0,"583":0,"585":0,"586":0,"589":0,"590":0,"591":0,"593":0,"596":0,"597":0,"601":0,"602":0,"603":0,"607":0,"608":0,"609":0,"612":0,"616":0,"617":0,"622":1,"623":0,"624":0,"626":0,"627":0,"628":0,"629":0,"633":0,"634":0,"636":0,"637":0,"639":0,"642":0,"643":0,"645":0,"648":1,"649":0,"650":0,"652":0,"654":0,"657":0,"658":0,"659":0,"661":0,"662":0,"663":0,"668":0,"669":0,"670":0,"671":0,"672":0,"673":0,"675":0,"678":0,"679":0,"691":1,"692":0,"695":0,"696":0,"700":0,"702":0,"703":0,"704":0,"705":0,"706":0,"708":0,"712":0,"713":0,"715":0,"716":0,"720":0,"721":0,"722":0,"723":0,"726":0,"728":0,"729":0,"730":0,"731":0,"732":0,"733":0,"734":0,"736":0,"737":0,"739":0,"742":0,"743":0,"744":0,"746":0,"748":0,"751":0,"756":0,"757":0,"760":0,"761":0,"762":0,"767":0,"768":0,"769":0,"771":0,"774":0,"775":0,"776":0,"780":0,"781":0,"784":0,"785":0,"794":0,"795":0,"796":0,"798":0,"800":0,"802":0,"804":0,"806":0,"807":0,"809":0,"811":0,"812":0,"814":0,"815":0,"819":0,"820":0,"823":0,"828":0,"829":0,"833":0,"835":0,"836":0,"839":0,"840":0,"841":0,"843":0,"845":0,"847":0,"852":0,"855":0,"858":0,"860":0,"862":0,"863":0,"866":0,"875":1,"876":0,"879":0,"881":0,"882":0,"884":0,"886":0,"888":0,"890":1,"891":0,"892":0,"893":0,"894":0,"895":0,"896":0,"897":0,"902":1,"903":0,"904":0,"905":0,"906":0,"907":0,"913":0,"914":0,"915":0,"916":0,"917":0,"918":0,"919":0,"920":0,"922":0,"923":0,"924":0,"925":0,"927":0,"929":0,"932":0,"933":0,"934":0,"936":0,"940":0,"941":0,"942":0,"945":0,"946":0,"947":0,"948":0,"951":0,"952":0,"953":0,"959":0,"960":0,"965":0,"966":0,"968":0,"971":0,"988":1,"990":0,"992":1,"993":0,"994":0,"995":0,"996":0,"1000":0,"1002":0,"1004":1,"1005":0,"1006":0,"1008":0,"1009":0,"1010":0,"1011":0,"1015":1,"1016":0,"1017":0,"1018":0,"1019":0,"1020":0,"1023":0,"1025":0,"1029":1,"1030":0,"1031":0,"1033":0,"1035":0,"1037":0,"1040":0,"1041":0,"1042":0,"1043":0,"1044":0,"1049":0,"1051":0,"1052":0,"1056":0,"1057":0,"1058":0,"1061":0,"1062":0,"1067":0,"1068":0,"1069":0,"1070":0,"1074":0,"1075":0,"1076":0,"1077":0,"1078":0,"1079":0,"1080":0,"1081":0,"1082":0,"1085":0,"1090":0,"1092":0,"1097":0,"1099":0,"1100":0,"1101":0,"1103":0,"1105":0,"1107":0,"1108":0,"1111":0,"1112":0,"1114":0,"1116":0,"1117":0,"1120":0,"1121":0,"1123":0,"1124":0,"1125":0,"1127":0,"1129":0,"1130":0,"1132":0,"1135":0,"1141":1,"1142":0,"1146":0,"1148":0,"1149":0,"1151":1,"1152":0,"1154":0,"1157":0,"1158":0,"1160":0,"1162":0,"1163":0,"1165":0,"1168":0,"1169":0,"1171":0,"1172":0,"1174":0,"1175":0,"1176":0,"1177":0,"1178":0,"1181":0,"1182":0,"1184":0,"1186":0,"1187":0,"1188":0,"1189":0,"1191":0,"1193":0,"1194":0,"1195":0,"1197":0,"1198":0,"1199":0,"1203":0,"1204":0,"1206":0,"1215":0,"1219":0,"1220":0,"1222":0,"1228":0,"1230":0,"1234":0,"1242":1,"1244":0,"1246":0,"1251":0,"1252":0,"1254":0,"1255":0,"1257":0,"1259":0,"1261":0,"1263":1,"1266":0,"1269":0,"1270":0,"1273":0,"1275":0,"1277":0,"1279":0,"1280":0,"1281":0,"1283":0,"1290":1,"1292":0,"1295":0,"1296":0,"1299":0,"1300":0,"1301":0,"1302":0,"1303":0,"1304":0,"1305":0,"1311":0,"1312":0,"1313":0,"1317":0,"1319":0,"1320":0,"1323":1,"1324":0,"1325":0,"1326":0,"1327":0,"1329":0,"1331":0,"1336":1,"1338":0,"1339":0,"1340":0,"1341":0,"1342":0,"1343":0,"1346":0,"1347":0,"1348":0,"1352":1,"1353":0,"1354":0,"1355":0,"1356":0,"1358":0,"1359":0,"1360":0,"1363":0,"1364":0,"1365":0,"1369":0,"1370":0,"1373":0,"1375":0,"1377":0,"1379":0,"1381":0,"1385":0,"1386":0,"1388":0,"1389":0,"1391":0,"1395":0,"1396":0,"1397":0,"1399":0,"1401":0,"1404":0,"1405":0,"1407":0,"1408":0,"1410":0,"1411":0,"1414":0,"1415":0,"1417":0,"1419":0,"1421":0,"1422":0,"1424":0,"1425":0,"1430":0,"1432":0,"1433":0,"1434":0,"1440":0,"1441":0,"1445":0,"1453":0,"1456":0,"1459":0,"1460":0,"1463":0,"1465":0,"1467":0,"1470":1,"1471":0,"1472":0,"1474":0,"1475":0,"1478":0,"1480":0,"1481":0,"1482":0,"1484":0,"1485":0,"1487":0,"1488":0,"1490":0,"1493":1,"1494":0,"1495":0,"1496":0,"1497":0,"1500":0,"1502":0,"1503":0,"1504":0,"1505":0,"1506":0,"1510":0,"1511":0,"1512":0,"1514":0,"1515":0,"1517":0,"1518":0,"1520":0,"1522":0,"1524":0,"1525":0,"1528":0,"1529":0,"1530":0,"1534":0,"1560":1,"1561":0,"1563":0,"1568":1,"1569":0,"1570":0,"1571":0,"1572":0,"1573":0,"1574":0,"1575":0,"1580":1,"1581":0,"1582":0,"1583":0,"1584":0,"1585":0,"1588":1,"1589":0,"1594":1,"1595":0,"1596":0,"1597":0,"1598":0,"1599":0,"1602":0,"1603":0,"1604":0,"1605":0,"1606":0,"1609":0,"1610":0,"1612":0,"1613":0,"1614":0,"1616":0,"1618":0,"1619":0,"1620":0,"1621":0,"1622":0,"1624":0,"1625":0,"1626":0,"1627":0,"1633":0,"1634":0,"1637":0,"1638":0,"1639":0,"1640":0,"1642":0,"1643":0,"1645":0,"1647":0,"1648":0,"1650":0,"1651":0,"1654":0,"1655":0,"1657":0,"1660":0,"1661":0,"1662":0,"1663":0,"1664":0,"1666":0,"1667":0,"1668":0,"1669":0,"1672":0,"1674":0,"1678":0,"1679":0,"1680":0,"1681":0,"1682":0,"1683":0,"1684":0,"1687":0,"1699":1,"1700":0,"1701":0,"1703":0,"1705":0,"1706":0,"1707":0,"1709":0,"1710":0,"1711":0,"1713":0,"1716":0,"1717":0,"1718":0,"1721":0,"1724":0,"1725":0,"1729":0,"1730":0,"1733":0,"1738":0,"1742":0,"1743":0,"1744":0,"1746":0,"1749":0,"1750":0,"1753":0,"1754":0,"1755":0,"1758":0,"1760":0,"1765":0,"1767":0,"1768":0,"1771":0,"1772":0,"1775":0,"1776":0,"1777":0,"1780":0,"1781":0,"1785":0,"1787":0,"1792":0,"1795":0,"1796":0,"1797":0,"1799":0,"1800":0,"1801":0,"1802":0,"1803":0,"1806":0,"1809":0,"1810":0,"1811":0,"1812":0,"1813":0,"1814":0,"1815":0,"1816":0,"1819":0,"1822":0,"1823":0,"1824":0,"1825":0,"1826":0,"1827":0,"1828":0,"1829":0,"1831":0,"1833":0,"1834":0,"1835":0,"1836":0,"1837":0,"1839":0,"1842":0,"1861":1,"1862":0,"1863":0,"1865":0,"1872":0,"1874":0,"1876":1,"1879":0,"1881":0,"1882":0,"1883":0,"1886":0,"1887":0,"1888":0,"1890":0,"1893":0,"1897":0,"1898":0,"1899":0,"1900":0,"1901":0,"1902":0,"1903":0,"1906":0,"1907":0,"1908":0,"1910":0,"1914":0,"1915":0,"1916":0,"1918":0,"1921":0,"1981":1,"1982":0,"1983":0,"1985":0,"1987":0,"1988":0,"1990":1,"1991":0,"1994":1,"1995":0,"1996":0,"1997":0,"2001":0,"2009":0,"2010":1,"2012":0,"2013":0,"2016":0,"2017":0,"2018":0,"2019":0,"2022":0,"2023":0,"2024":0,"2025":0,"2026":0,"2027":0,"2028":0,"2029":0,"2030":0,"2031":0,"2032":0,"2035":0,"2036":0,"2038":0,"2039":0,"2040":0,"2041":0,"2044":0,"2045":0,"2046":0,"2048":0,"2049":0,"2052":0,"2053":0,"2054":0,"2055":0,"2058":0,"2059":0,"2061":0,"2064":0,"2065":0,"2068":0,"2075":1,"2076":0,"2078":0,"2079":0,"2082":0,"2083":0,"2086":0,"2087":0,"2091":0,"2092":0,"2093":0,"2094":0,"2098":0,"2100":0,"2101":0,"2103":0,"2104":0,"2106":0,"2107":0,"2110":0,"2114":0,"2115":0,"2119":0,"2127":1,"2128":0,"2130":0,"2134":0,"2136":0,"2137":0,"2140":0,"2141":0,"2144":0,"2145":0,"2146":0,"2150":0,"2151":0,"2152":0,"2155":0,"2158":1,"2159":0,"2162":0,"2164":0,"2166":0,"2167":0,"2168":0,"2169":0,"2172":0,"2173":0,"2174":0,"2175":0,"2176":0,"2177":0,"2178":0,"2182":0,"2184":0,"2187":0,"2188":0,"2189":0,"2190":0,"2191":0,"2197":0,"2198":0,"2199":0,"2200":0,"2201":0,"2202":0,"2204":0,"2206":0,"2207":0,"2210":0,"2212":0,"2216":0,"2217":0,"2218":0,"2219":0,"2220":0,"2221":0,"2222":0,"2225":0,"2226":0,"2227":0,"2231":0,"2232":0,"2233":0,"2235":0,"2236":0,"2239":0,"2240":0,"2241":0,"2242":0,"2245":0,"2270":1,"2271":0,"2273":0,"2275":0,"2276":0,"2277":0,"2279":0,"2280":0,"2283":0,"2284":0,"2285":0,"2286":0,"2288":0,"2292":0,"2293":0,"2294":0,"2295":0,"2296":0,"2297":0,"2298":0,"2299":0,"2300":0,"2301":0,"2302":0,"2303":0,"2307":2,"2309":2,"2311":2,"2313":2,"2314":0,"2316":0,"2317":0,"2320":0,"2321":0,"2322":0,"2324":0,"2325":0,"2329":2,"2330":0,"2332":0,"2333":0,"2336":0,"2337":0,"2338":0,"2340":0,"2341":0,"2342":0,"2343":0,"2344":0,"2345":0,"2347":0,"2348":0,"2349":0,"2350":0,"2351":0,"2354":0,"2356":0,"2357":0,"2358":0,"2363":0,"2366":2,"2367":0,"2368":0,"2369":0,"2371":0,"2375":0,"2376":0,"2377":0,"2378":0,"2380":0,"2381":0,"2384":0,"2385":0,"2387":0,"2391":2,"2392":0,"2393":0,"2394":0,"2395":0,"2398":0,"2399":0,"2400":0}},"/home/travis/build/npmtest/node-npmtest-electron-angular-boilerplate/node_modules/electron-angular-boilerplate/jspm_packages/npm/babel-core@5.6.11.js":{"path":"/home/travis/build/npmtest/node-npmtest-electron-angular-boilerplate/node_modules/electron-angular-boilerplate/jspm_packages/npm/babel-core@5.6.11.js","s":{"1":2},"b":{},"f":{},"fnMap":{},"statementMap":{"1":{"start":{"line":1,"column":0},"end":{"line":1,"column":58}}},"branchMap":{},"code":["module.exports = require(\"npm:babel-core@5.6.11/browser\");"],"l":{"1":2}},"/home/travis/build/npmtest/node-npmtest-electron-angular-boilerplate/node_modules/electron-angular-boilerplate/jspm_packages/npm/core-js@0.9.18.js":{"path":"/home/travis/build/npmtest/node-npmtest-electron-angular-boilerplate/node_modules/electron-angular-boilerplate/jspm_packages/npm/core-js@0.9.18.js","s":{"1":2},"b":{},"f":{},"fnMap":{},"statementMap":{"1":{"start":{"line":1,"column":0},"end":{"line":1,"column":53}}},"branchMap":{},"code":["module.exports = require(\"npm:core-js@0.9.18/index\");"],"l":{"1":2}},"/home/travis/build/npmtest/node-npmtest-electron-angular-boilerplate/node_modules/electron-angular-boilerplate/jspm_packages/npm/process@0.10.1.js":{"path":"/home/travis/build/npmtest/node-npmtest-electron-angular-boilerplate/node_modules/electron-angular-boilerplate/jspm_packages/npm/process@0.10.1.js","s":{"1":2},"b":{},"f":{},"fnMap":{},"statementMap":{"1":{"start":{"line":1,"column":0},"end":{"line":1,"column":55}}},"branchMap":{},"code":["module.exports = require(\"npm:process@0.10.1/browser\");"],"l":{"1":2}}}